2018-10-24 01:43:25,736 [JavaFX Application Thread] INFO  marytts.main Mary starting up...
2018-10-24 01:43:25,741 [JavaFX Application Thread] INFO  marytts.main Specification version 5.2
2018-10-24 01:43:25,741 [JavaFX Application Thread] INFO  marytts.main Implementation version unknown
2018-10-24 01:43:25,741 [JavaFX Application Thread] INFO  marytts.main Running on a Java 10.0.2 implementation by Oracle Corporation, on a Windows 10 platform (amd64, 10.0)
2018-10-24 01:43:25,847 [JavaFX Application Thread] INFO  marytts.ModuleRegistry Now initiating mary module 'marytts.language.en.JTokeniser'
2018-10-24 01:43:25,851 [JavaFX Application Thread] INFO  marytts.ModuleRegistry Now initiating mary module 'marytts.language.en.Preprocess'
2018-10-24 01:43:26,026 [JavaFX Application Thread] INFO  marytts.ModuleRegistry Now initiating mary module 'marytts.modules.JPhonemiser(en_US.)'
2018-10-24 01:43:26,027 [JavaFX Application Thread] INFO  marytts.JPhonemiser User dictionary '.\user-dictionaries\userdict-en_US.txt' for locale 'en_US' does not exist. Ignoring.
2018-10-24 01:43:26,091 [JavaFX Application Thread] INFO  marytts.ModuleRegistry Now initiating mary module 'marytts.modules.JPhonemiser(en_GB.)'
2018-10-24 01:43:26,091 [JavaFX Application Thread] INFO  marytts.JPhonemiser User dictionary '.\user-dictionaries\userdict-en_GB.txt' for locale 'en_GB' does not exist. Ignoring.
2018-10-24 01:43:26,139 [JavaFX Application Thread] INFO  marytts.ModuleRegistry Now initiating mary module 'marytts.language.en.Prosody'
2018-10-24 01:43:26,143 [JavaFX Application Thread] INFO  marytts.ModuleRegistry Now initiating mary module 'marytts.modules.SimplePhoneme2AP(en_US)'
2018-10-24 01:43:26,144 [JavaFX Application Thread] INFO  marytts.ModuleRegistry Now initiating mary module 'marytts.language.en.PronunciationModel'
2018-10-24 01:43:26,145 [JavaFX Application Thread] INFO  marytts.ModuleRegistry Now initiating mary module 'marytts.modules.OpenNLPPosTagger(en,en.pos)'
2018-10-24 01:43:26,146 [JavaFX Application Thread] INFO  marytts.ModuleRegistry Now initiating mary module 'marytts.modules.Synthesis'
2018-10-24 01:43:26,147 [JavaFX Application Thread] INFO  marytts.ModuleRegistry Now initiating mary module 'marytts.modules.TextToMaryXML'
2018-10-24 01:43:26,148 [JavaFX Application Thread] INFO  marytts.ModuleRegistry Now initiating mary module 'marytts.modules.SableParser'
2018-10-24 01:43:26,148 [JavaFX Application Thread] INFO  marytts.ModuleRegistry Now initiating mary module 'marytts.modules.SSMLParser'
2018-10-24 01:43:26,149 [JavaFX Application Thread] INFO  marytts.ModuleRegistry Now initiating mary module 'marytts.modules.APMLParser'
2018-10-24 01:43:26,150 [JavaFX Application Thread] INFO  marytts.ModuleRegistry Now initiating mary module 'marytts.modules.EmotionmlParser'
2018-10-24 01:43:26,150 [JavaFX Application Thread] INFO  marytts.ModuleRegistry Now initiating mary module 'marytts.modules.JTokeniser'
2018-10-24 01:43:26,150 [JavaFX Application Thread] INFO  marytts.ModuleRegistry Now initiating mary module 'marytts.modules.DummyTokens2Words'
2018-10-24 01:43:26,151 [JavaFX Application Thread] INFO  marytts.ModuleRegistry Now initiating mary module 'marytts.modules.ProsodyGeneric'
2018-10-24 01:43:26,151 [JavaFX Application Thread] INFO  marytts.ModuleRegistry Now initiating mary module 'marytts.modules.PronunciationModel'
2018-10-24 01:43:26,151 [JavaFX Application Thread] INFO  marytts.ModuleRegistry Now initiating mary module 'marytts.modules.TargetFeatureLister'
2018-10-24 01:43:26,151 [JavaFX Application Thread] INFO  marytts.ModuleRegistry Now initiating mary module 'marytts.modules.HalfPhoneTargetFeatureLister'
2018-10-24 01:43:26,151 [JavaFX Application Thread] INFO  marytts.ModuleRegistry Now initiating mary module 'marytts.modules.AcousticModeller'
2018-10-24 01:43:26,152 [JavaFX Application Thread] INFO  marytts.ModuleRegistry Now initiating mary module 'marytts.modules.RealisedAcoustparamsExtractor'
2018-10-24 01:43:26,153 [JavaFX Application Thread] INFO  marytts.ModuleRegistry Now initiating mary module 'marytts.modules.RealisedDurationsExtractor'
2018-10-24 01:43:26,153 [JavaFX Application Thread] INFO  marytts.ModuleRegistry Now initiating mary module 'marytts.modules.HTSEngine'
2018-10-24 01:43:26,155 [JavaFX Application Thread] INFO  marytts.ModuleRegistry Now initiating mary module 'marytts.modules.PraatTextGridGenerator'
2018-10-24 01:43:26,158 [JavaFX Application Thread] INFO  marytts.JTokeniser Module started (RAWMARYXML->TOKENS, locale en).
2018-10-24 01:43:26,201 [JavaFX Application Thread] INFO  marytts.JTokeniser Starting power-on self test.
2018-10-24 01:43:26,203 [JavaFX Application Thread] INFO  marytts.JTokeniser Power-on self test complete.
2018-10-24 01:43:26,203 [JavaFX Application Thread] INFO  marytts.Preprocess Module started (TOKENS->WORDS, locale en).
2018-10-24 01:43:26,203 [JavaFX Application Thread] INFO  marytts.Preprocess Starting power-on self test.
2018-10-24 01:43:26,203 [JavaFX Application Thread] INFO  marytts.Preprocess Power-on self test complete.
2018-10-24 01:43:26,203 [JavaFX Application Thread] INFO  marytts.JPhonemiser Module started (PARTSOFSPEECH->PHONEMES, locale en_US).
2018-10-24 01:43:26,204 [JavaFX Application Thread] INFO  marytts.JPhonemiser Starting power-on self test.
2018-10-24 01:43:26,204 [JavaFX Application Thread] INFO  marytts.JPhonemiser Power-on self test complete.
2018-10-24 01:43:26,204 [JavaFX Application Thread] INFO  marytts.JPhonemiser Module started (PARTSOFSPEECH->PHONEMES, locale en_GB).
2018-10-24 01:43:26,204 [JavaFX Application Thread] INFO  marytts.JPhonemiser Starting power-on self test.
2018-10-24 01:43:26,204 [JavaFX Application Thread] INFO  marytts.JPhonemiser Power-on self test complete.
2018-10-24 01:43:26,215 [JavaFX Application Thread] INFO  marytts.Prosody Module started (PHONEMES->INTONATION, locale en).
2018-10-24 01:43:26,215 [JavaFX Application Thread] INFO  marytts.Prosody Starting power-on self test.
2018-10-24 01:43:26,215 [JavaFX Application Thread] INFO  marytts.Prosody Power-on self test complete.
2018-10-24 01:43:26,216 [JavaFX Application Thread] INFO  marytts.SimplePhoneme2AP Module started (SIMPLEPHONEMES->ACOUSTPARAMS, locale en_US).
2018-10-24 01:43:26,216 [JavaFX Application Thread] INFO  marytts.SimplePhoneme2AP Starting power-on self test.
2018-10-24 01:43:26,223 [JavaFX Application Thread] INFO  marytts.SimplePhoneme2AP Power-on self test complete.
2018-10-24 01:43:26,223 [JavaFX Application Thread] INFO  marytts.PronunciationModel Module started (INTONATION->ALLOPHONES, locale en).
2018-10-24 01:43:26,223 [JavaFX Application Thread] INFO  marytts.PronunciationModel Starting power-on self test.
2018-10-24 01:43:26,223 [JavaFX Application Thread] INFO  marytts.PronunciationModel Power-on self test complete.
2018-10-24 01:43:26,223 [JavaFX Application Thread] INFO  marytts.OpenNLPPosTagger Module started (WORDS->PARTSOFSPEECH, locale en).
2018-10-24 01:43:27,240 [JavaFX Application Thread] INFO  marytts.OpenNLPPosTagger Starting power-on self test.
2018-10-24 01:43:27,240 [JavaFX Application Thread] INFO  marytts.OpenNLPPosTagger Power-on self test complete.
2018-10-24 01:43:27,242 [JavaFX Application Thread] INFO  marytts.UnitSelectionSynthesizer started.
2018-10-24 01:43:27,244 [JavaFX Application Thread] INFO  marytts.TargetFeatureLister Module started (ACOUSTPARAMS->TARGETFEATURES, locale null).
2018-10-24 01:43:27,244 [JavaFX Application Thread] INFO  marytts.HTSEngine Module started (TARGETFEATURES->AUDIO, locale null).
2018-10-24 01:43:27,262 [JavaFX Application Thread] INFO  marytts.HMMData Loading Tree Set in CARTs:
2018-10-24 01:43:27,371 [JavaFX Application Thread] INFO  marytts.HMMData Loading GV Model Set:
2018-10-24 01:43:27,526 [JavaFX Application Thread] INFO  marytts.Voice Registering voice `cmu-slt-hsmm': female, locale en_US
2018-10-24 01:43:27,526 [JavaFX Application Thread] INFO  marytts.Voice New default voice for locale en_US: cmu-slt-hsmm (desire 0)
2018-10-24 01:43:27,531 [JavaFX Application Thread] INFO  marytts.HMMData Loading Tree Set in CARTs:
2018-10-24 01:43:27,583 [JavaFX Application Thread] INFO  marytts.HMMData Loading GV Model Set:
2018-10-24 01:43:27,683 [JavaFX Application Thread] INFO  marytts.Voice Registering voice `cmu-rms-hsmm': male, locale en_US
2018-10-24 01:43:27,687 [JavaFX Application Thread] INFO  marytts.HMMData Loading Tree Set in CARTs:
2018-10-24 01:43:27,736 [JavaFX Application Thread] INFO  marytts.HMMData Loading GV Model Set:
2018-10-24 01:43:27,858 [JavaFX Application Thread] INFO  marytts.Voice Registering voice `dfki-poppy-hsmm': female, locale en_GB
2018-10-24 01:43:27,858 [JavaFX Application Thread] INFO  marytts.Voice New default voice for locale en_GB: dfki-poppy-hsmm (desire 0)
2018-10-24 01:43:27,858 [JavaFX Application Thread] INFO  marytts.HMMSynthesizer started.
2018-10-24 01:43:27,858 [JavaFX Application Thread] INFO  marytts.Synthesis Module started (ACOUSTPARAMS->AUDIO, locale null).
2018-10-24 01:43:27,858 [JavaFX Application Thread] INFO  marytts.HMMSynthesizer Starting power-on self test.
2018-10-24 01:43:27,858 [JavaFX Application Thread] INFO  marytts.HMMSynthesizer Power-on self test complete.
2018-10-24 01:43:27,859 [JavaFX Application Thread] INFO  marytts.TextToMaryXML Module started (TEXT->RAWMARYXML, locale null).
2018-10-24 01:43:27,859 [JavaFX Application Thread] INFO  marytts.TextToMaryXML Starting power-on self test.
2018-10-24 01:43:27,860 [JavaFX Application Thread] WARN  marytts.TextToMaryXML Locale is null, overriding with en_US
2018-10-24 01:43:27,860 [JavaFX Application Thread] WARN  marytts.TextToMaryXML Locale is null, overriding with en_US
2018-10-24 01:43:27,860 [JavaFX Application Thread] INFO  marytts.TextToMaryXML Power-on self test complete.
2018-10-24 01:43:28,072 [JavaFX Application Thread] INFO  marytts.SableParser Module started (SABLE->RAWMARYXML, locale null).
2018-10-24 01:43:28,073 [JavaFX Application Thread] INFO  marytts.SableParser Starting power-on self test.
2018-10-24 01:43:28,073 [JavaFX Application Thread] INFO  marytts.SableParser Power-on self test complete.
2018-10-24 01:43:28,142 [JavaFX Application Thread] INFO  marytts.SSMLParser Module started (SSML->RAWMARYXML, locale null).
2018-10-24 01:43:28,142 [JavaFX Application Thread] INFO  marytts.SSMLParser Starting power-on self test.
2018-10-24 01:43:28,143 [JavaFX Application Thread] INFO  marytts.SSMLParser Power-on self test complete.
2018-10-24 01:43:28,185 [JavaFX Application Thread] INFO  marytts.APMLParser Module started (APML->RAWMARYXML, locale null).
2018-10-24 01:43:28,185 [JavaFX Application Thread] INFO  marytts.APMLParser Starting power-on self test.
2018-10-24 01:43:28,185 [JavaFX Application Thread] INFO  marytts.APMLParser Power-on self test complete.
2018-10-24 01:43:28,279 [JavaFX Application Thread] INFO  marytts.EmotionmlParser Module started (EMOTIONML->RAWMARYXML, locale null).
2018-10-24 01:43:28,279 [JavaFX Application Thread] INFO  marytts.EmotionmlParser Starting power-on self test.
2018-10-24 01:43:28,280 [JavaFX Application Thread] INFO  marytts.EmotionmlParser Power-on self test complete.
2018-10-24 01:43:28,280 [JavaFX Application Thread] INFO  marytts.JTokeniser Module started (RAWMARYXML->TOKENS, locale null).
2018-10-24 01:43:28,300 [JavaFX Application Thread] INFO  marytts.JTokeniser Starting power-on self test.
2018-10-24 01:43:28,301 [JavaFX Application Thread] INFO  marytts.JTokeniser Power-on self test complete.
2018-10-24 01:43:28,301 [JavaFX Application Thread] INFO  marytts.DummyTokens2Words Module started (TOKENS->WORDS, locale null).
2018-10-24 01:43:28,301 [JavaFX Application Thread] INFO  marytts.DummyTokens2Words Starting power-on self test.
2018-10-24 01:43:28,301 [JavaFX Application Thread] INFO  marytts.DummyTokens2Words Power-on self test complete.
2018-10-24 01:43:28,304 [JavaFX Application Thread] INFO  marytts.Prosody Module started (PHONEMES->INTONATION, locale null).
2018-10-24 01:43:28,304 [JavaFX Application Thread] INFO  marytts.Prosody Starting power-on self test.
2018-10-24 01:43:28,304 [JavaFX Application Thread] INFO  marytts.Prosody Power-on self test complete.
2018-10-24 01:43:28,304 [JavaFX Application Thread] INFO  marytts.PronunciationModel Module started (INTONATION->ALLOPHONES, locale null).
2018-10-24 01:43:28,305 [JavaFX Application Thread] INFO  marytts.PronunciationModel Starting power-on self test.
2018-10-24 01:43:28,305 [JavaFX Application Thread] INFO  marytts.PronunciationModel Power-on self test complete.
2018-10-24 01:43:28,305 [JavaFX Application Thread] INFO  marytts.TargetFeatureLister Starting power-on self test.
2018-10-24 01:43:28,305 [JavaFX Application Thread] INFO  marytts.TargetFeatureLister Power-on self test complete.
2018-10-24 01:43:28,305 [JavaFX Application Thread] INFO  marytts.TargetFeatureLister Module started (ACOUSTPARAMS->HALFPHONE_TARGETFEATURES, locale null).
2018-10-24 01:43:28,305 [JavaFX Application Thread] INFO  marytts.TargetFeatureLister Starting power-on self test.
2018-10-24 01:43:28,305 [JavaFX Application Thread] INFO  marytts.TargetFeatureLister Power-on self test complete.
2018-10-24 01:43:28,305 [JavaFX Application Thread] INFO  marytts.AcousticModeller Module started (ALLOPHONES->ACOUSTPARAMS, locale null).
2018-10-24 01:43:28,305 [JavaFX Application Thread] INFO  marytts.AcousticModeller Starting power-on self test.
2018-10-24 01:43:28,305 [JavaFX Application Thread] INFO  marytts.AcousticModeller Power-on self test complete.
2018-10-24 01:43:28,305 [JavaFX Application Thread] INFO  marytts.Realised acoustparams extractor Module started (AUDIO->REALISED_ACOUSTPARAMS, locale null).
2018-10-24 01:43:28,305 [JavaFX Application Thread] INFO  marytts.Realised acoustparams extractor Starting power-on self test.
2018-10-24 01:43:28,305 [JavaFX Application Thread] INFO  marytts.Realised acoustparams extractor Power-on self test complete.
2018-10-24 01:43:28,305 [JavaFX Application Thread] INFO  marytts.Realised durations extractor Module started (AUDIO->REALISED_DURATIONS, locale null).
2018-10-24 01:43:28,305 [JavaFX Application Thread] INFO  marytts.Realised durations extractor Starting power-on self test.
2018-10-24 01:43:28,305 [JavaFX Application Thread] INFO  marytts.Realised durations extractor Power-on self test complete.
2018-10-24 01:43:28,305 [JavaFX Application Thread] INFO  marytts.Praat TextGrid generator Module started (REALISED_ACOUSTPARAMS->PRAAT_TEXTGRID, locale null).
2018-10-24 01:43:28,305 [JavaFX Application Thread] INFO  marytts.Praat TextGrid generator Starting power-on self test.
2018-10-24 01:43:28,306 [JavaFX Application Thread] INFO  marytts.Praat TextGrid generator Power-on self test complete.
2018-10-24 01:43:28,306 [JavaFX Application Thread] INFO  marytts.main Startup complete.
2018-10-24 01:43:28,320 [JavaFX Application Thread] INFO  marytts.R 1 New request (input type "TEXT", output type "AUDIO", voice "cmu-rms-hsmm", audio "WAVE")
2018-10-24 01:43:28,320 [JavaFX Application Thread] INFO  marytts.R 1 Handling request using the following modules:
2018-10-24 01:43:28,320 [JavaFX Application Thread] INFO  marytts.R 1 - TextToMaryXML (marytts.modules.TextToMaryXML)
2018-10-24 01:43:28,320 [JavaFX Application Thread] INFO  marytts.R 1 Next module: TextToMaryXML
2018-10-24 01:43:28,321 [JavaFX Application Thread] INFO  marytts.R 1 Handling request using the following modules:
2018-10-24 01:43:28,321 [JavaFX Application Thread] INFO  marytts.R 1 - JTokeniser (marytts.language.en.JTokeniser)
2018-10-24 01:43:28,321 [JavaFX Application Thread] INFO  marytts.R 1 - Preprocess (marytts.language.en.Preprocess)
2018-10-24 01:43:28,321 [JavaFX Application Thread] INFO  marytts.R 1 - OpenNLPPosTagger (marytts.modules.OpenNLPPosTagger)
2018-10-24 01:43:28,343 [JavaFX Application Thread] INFO  marytts.R 1 - JPhonemiser (marytts.modules.JPhonemiser)
2018-10-24 01:43:28,343 [JavaFX Application Thread] INFO  marytts.R 1 - Prosody (marytts.language.en.Prosody)
2018-10-24 01:43:28,343 [JavaFX Application Thread] INFO  marytts.R 1 - PronunciationModel (marytts.language.en.PronunciationModel)
2018-10-24 01:43:28,343 [JavaFX Application Thread] INFO  marytts.R 1 - AcousticModeller (marytts.modules.AcousticModeller)
2018-10-24 01:43:28,343 [JavaFX Application Thread] INFO  marytts.R 1 - Synthesis (marytts.modules.Synthesis)
2018-10-24 01:43:28,343 [JavaFX Application Thread] INFO  marytts.R 1 Next module: JTokeniser
2018-10-24 01:43:28,345 [JavaFX Application Thread] INFO  marytts.R 1 Next module: Preprocess
2018-10-24 01:43:28,345 [JavaFX Application Thread] INFO  marytts.R 1 Next module: OpenNLPPosTagger
2018-10-24 01:43:28,352 [JavaFX Application Thread] INFO  marytts.R 1 Next module: JPhonemiser
2018-10-24 01:43:28,353 [JavaFX Application Thread] INFO  marytts.R 1 Next module: Prosody
2018-10-24 01:43:28,354 [JavaFX Application Thread] INFO  marytts.R 1 Next module: PronunciationModel
2018-10-24 01:43:28,354 [JavaFX Application Thread] INFO  marytts.R 1 Next module: AcousticModeller
2018-10-24 01:43:28,366 [JavaFX Application Thread] INFO  marytts.ParameterGeneration Parameter generation for LF0: 
2018-10-24 01:43:28,366 [JavaFX Application Thread] INFO  marytts.PStream Global variance optimization
2018-10-24 01:43:28,367 [JavaFX Application Thread] INFO  marytts.PStream Gradient GV optimization for feature: (0)  number of iterations=8
2018-10-24 01:43:28,369 [JavaFX Application Thread] INFO  marytts.R 1 Next module: Synthesis
2018-10-24 01:43:28,390 [JavaFX Application Thread] INFO  marytts.HMMSynthesizer Synthesizing one sentence.
2018-10-24 01:43:28,391 [JavaFX Application Thread] INFO  marytts.HTSEngine Using prosody from acoustparams.
2018-10-24 01:43:28,392 [JavaFX Application Thread] INFO  marytts.HTSEngine Number of models in sentence numModel=5  Total number of states numState=25
2018-10-24 01:43:28,392 [JavaFX Application Thread] INFO  marytts.HTSEngine Total number of frames=172  Number of voiced frames=71
2018-10-24 01:43:28,394 [JavaFX Application Thread] INFO  marytts.ParameterGeneration Parameter generation for MGC: 
2018-10-24 01:43:28,394 [JavaFX Application Thread] INFO  marytts.PStream Global variance optimization
2018-10-24 01:43:28,401 [JavaFX Application Thread] INFO  marytts.PStream Gradient GV optimization for feature: (0)  number of iterations=27
2018-10-24 01:43:28,407 [JavaFX Application Thread] INFO  marytts.PStream Gradient GV optimization for feature: (1)  number of iterations=24
2018-10-24 01:43:28,411 [JavaFX Application Thread] INFO  marytts.PStream Gradient GV optimization for feature: (2)  number of iterations=20
2018-10-24 01:43:28,415 [JavaFX Application Thread] INFO  marytts.PStream Gradient GV optimization for feature: (3)  number of iterations=22
2018-10-24 01:43:28,416 [JavaFX Application Thread] INFO  marytts.PStream Gradient GV optimization for feature: (4)  number of iterations=26
2018-10-24 01:43:28,417 [JavaFX Application Thread] INFO  marytts.PStream Gradient GV optimization for feature: (5)  number of iterations=3
2018-10-24 01:43:28,420 [JavaFX Application Thread] INFO  marytts.PStream Gradient GV optimization for feature: (6)  number of iterations=47
2018-10-24 01:43:28,421 [JavaFX Application Thread] INFO  marytts.PStream Gradient GV optimization for feature: (7)  number of iterations=22
2018-10-24 01:43:28,423 [JavaFX Application Thread] INFO  marytts.PStream Gradient GV optimization for feature: (8)  number of iterations=22
2018-10-24 01:43:28,424 [JavaFX Application Thread] INFO  marytts.PStream Gradient GV optimization for feature: (9)  number of iterations=15
2018-10-24 01:43:28,435 [JavaFX Application Thread] INFO  marytts.PStream Gradient GV optimization for feature: (10)  number of iterations=50
2018-10-24 01:43:28,437 [JavaFX Application Thread] INFO  marytts.PStream Gradient GV optimization for feature: (11)  number of iterations=9
2018-10-24 01:43:28,438 [JavaFX Application Thread] INFO  marytts.PStream Gradient GV optimization for feature: (12)  number of iterations=14
2018-10-24 01:43:28,439 [JavaFX Application Thread] INFO  marytts.PStream Gradient GV optimization for feature: (13)  number of iterations=17
2018-10-24 01:43:28,440 [JavaFX Application Thread] INFO  marytts.PStream Gradient GV optimization for feature: (14)  number of iterations=31
2018-10-24 01:43:28,441 [JavaFX Application Thread] INFO  marytts.PStream Gradient GV optimization for feature: (15)  number of iterations=9
2018-10-24 01:43:28,441 [JavaFX Application Thread] INFO  marytts.PStream Gradient GV optimization for feature: (16)  number of iterations=4
2018-10-24 01:43:28,442 [JavaFX Application Thread] INFO  marytts.PStream Gradient GV optimization for feature: (17)  number of iterations=9
2018-10-24 01:43:28,442 [JavaFX Application Thread] INFO  marytts.PStream Gradient GV optimization for feature: (18)  number of iterations=15
2018-10-24 01:43:28,443 [JavaFX Application Thread] INFO  marytts.PStream Gradient GV optimization for feature: (19)  number of iterations=3
2018-10-24 01:43:28,443 [JavaFX Application Thread] INFO  marytts.PStream Gradient GV optimization for feature: (20)  number of iterations=7
2018-10-24 01:43:28,444 [JavaFX Application Thread] INFO  marytts.PStream Gradient GV optimization for feature: (21)  number of iterations=15
2018-10-24 01:43:28,445 [JavaFX Application Thread] INFO  marytts.PStream Gradient GV optimization for feature: (22)  number of iterations=3
2018-10-24 01:43:28,445 [JavaFX Application Thread] INFO  marytts.PStream Gradient GV optimization for feature: (23)  number of iterations=7
2018-10-24 01:43:28,446 [JavaFX Application Thread] INFO  marytts.PStream Gradient GV optimization for feature: (24)  number of iterations=23
2018-10-24 01:43:28,446 [JavaFX Application Thread] INFO  marytts.ParameterGeneration Using f0 from maryXML acoustparams
2018-10-24 01:43:28,447 [JavaFX Application Thread] INFO  marytts.PStream Global variance optimization
2018-10-24 01:43:28,447 [JavaFX Application Thread] INFO  marytts.PStream Gradient GV optimization for feature: (0)  number of iterations=22
2018-10-24 01:43:28,448 [JavaFX Application Thread] INFO  marytts.PStream Gradient GV optimization for feature: (1)  number of iterations=3
2018-10-24 01:43:28,448 [JavaFX Application Thread] INFO  marytts.PStream Gradient GV optimization for feature: (2)  number of iterations=17
2018-10-24 01:43:28,449 [JavaFX Application Thread] INFO  marytts.PStream Gradient GV optimization for feature: (3)  number of iterations=30
2018-10-24 01:43:28,450 [JavaFX Application Thread] INFO  marytts.PStream Gradient GV optimization for feature: (4)  number of iterations=13
2018-10-24 01:43:28,456 [JavaFX Application Thread] INFO  marytts.R 1 Request processed in 136 ms.
2018-10-24 01:43:28,456 [JavaFX Application Thread] INFO  marytts.R 1    TextToMaryXML took 0 ms
2018-10-24 01:43:28,456 [JavaFX Application Thread] INFO  marytts.R 1    JTokeniser took 2 ms
2018-10-24 01:43:28,456 [JavaFX Application Thread] INFO  marytts.R 1    Preprocess took 0 ms
2018-10-24 01:43:28,456 [JavaFX Application Thread] INFO  marytts.R 1    OpenNLPPosTagger took 7 ms
2018-10-24 01:43:28,456 [JavaFX Application Thread] INFO  marytts.R 1    JPhonemiser took 1 ms
2018-10-24 01:43:28,456 [JavaFX Application Thread] INFO  marytts.R 1    Prosody took 1 ms
2018-10-24 01:43:28,457 [JavaFX Application Thread] INFO  marytts.R 1    PronunciationModel took 0 ms
2018-10-24 01:43:28,457 [JavaFX Application Thread] INFO  marytts.R 1    AcousticModeller took 15 ms
2018-10-24 01:43:28,457 [JavaFX Application Thread] INFO  marytts.R 1    Synthesis took 86 ms
2018-10-24 01:43:30,908 [Thread-9] INFO  marytts.main Shutting down modules...
2018-10-24 01:43:30,908 [Thread-9] INFO  marytts.JTokeniser Module shut down.
2018-10-24 01:43:30,909 [Thread-9] INFO  marytts.Preprocess Module shut down.
2018-10-24 01:43:30,909 [Thread-9] INFO  marytts.JPhonemiser Module shut down.
2018-10-24 01:43:30,909 [Thread-9] INFO  marytts.JPhonemiser Module shut down.
2018-10-24 01:43:30,909 [Thread-9] INFO  marytts.Prosody Module shut down.
2018-10-24 01:43:30,909 [Thread-9] INFO  marytts.SimplePhoneme2AP Module shut down.
2018-10-24 01:43:30,909 [Thread-9] INFO  marytts.PronunciationModel Module shut down.
2018-10-24 01:43:30,909 [Thread-9] INFO  marytts.OpenNLPPosTagger Module shut down.
2018-10-24 01:43:30,909 [Thread-9] INFO  marytts.Synthesis Module shut down.
2018-10-24 01:43:30,909 [Thread-9] INFO  marytts.TextToMaryXML Module shut down.
2018-10-24 01:43:30,909 [Thread-9] INFO  marytts.SableParser Module shut down.
2018-10-24 01:43:30,909 [Thread-9] INFO  marytts.SSMLParser Module shut down.
2018-10-24 01:43:30,910 [Thread-9] INFO  marytts.APMLParser Module shut down.
2018-10-24 01:43:30,914 [Thread-9] INFO  marytts.EmotionmlParser Module shut down.
2018-10-24 01:43:30,915 [Thread-9] INFO  marytts.JTokeniser Module shut down.
2018-10-24 01:43:30,915 [Thread-9] INFO  marytts.DummyTokens2Words Module shut down.
2018-10-24 01:43:30,915 [Thread-9] INFO  marytts.Prosody Module shut down.
2018-10-24 01:43:30,915 [Thread-9] INFO  marytts.PronunciationModel Module shut down.
2018-10-24 01:43:30,916 [Thread-9] INFO  marytts.TargetFeatureLister Module shut down.
2018-10-24 01:43:30,916 [Thread-9] INFO  marytts.TargetFeatureLister Module shut down.
2018-10-24 01:43:30,916 [Thread-9] INFO  marytts.AcousticModeller Module shut down.
2018-10-24 01:43:30,916 [Thread-9] INFO  marytts.Realised acoustparams extractor Module shut down.
2018-10-24 01:43:30,916 [Thread-9] INFO  marytts.Realised durations extractor Module shut down.
2018-10-24 01:43:30,916 [Thread-9] INFO  marytts.HTSEngine Module shut down.
2018-10-24 01:43:30,916 [Thread-9] INFO  marytts.Praat TextGrid generator Module shut down.
2018-10-24 01:43:30,918 [Thread-9] INFO  marytts.main Shutdown complete.
2018-10-24 01:59:54,238 [JavaFX Application Thread] INFO  marytts.main Mary starting up...
2018-10-24 01:59:54,242 [JavaFX Application Thread] INFO  marytts.main Specification version 5.2
2018-10-24 01:59:54,242 [JavaFX Application Thread] INFO  marytts.main Implementation version unknown
2018-10-24 01:59:54,242 [JavaFX Application Thread] INFO  marytts.main Running on a Java 10.0.2 implementation by Oracle Corporation, on a Windows 10 platform (amd64, 10.0)
2018-10-24 01:59:54,322 [JavaFX Application Thread] INFO  marytts.ModuleRegistry Now initiating mary module 'marytts.language.en.JTokeniser'
2018-10-24 01:59:54,325 [JavaFX Application Thread] INFO  marytts.ModuleRegistry Now initiating mary module 'marytts.language.en.Preprocess'
2018-10-24 01:59:54,473 [JavaFX Application Thread] INFO  marytts.ModuleRegistry Now initiating mary module 'marytts.modules.JPhonemiser(en_US.)'
2018-10-24 01:59:54,474 [JavaFX Application Thread] INFO  marytts.JPhonemiser User dictionary '.\user-dictionaries\userdict-en_US.txt' for locale 'en_US' does not exist. Ignoring.
2018-10-24 01:59:54,526 [JavaFX Application Thread] INFO  marytts.ModuleRegistry Now initiating mary module 'marytts.modules.JPhonemiser(en_GB.)'
2018-10-24 01:59:54,526 [JavaFX Application Thread] INFO  marytts.JPhonemiser User dictionary '.\user-dictionaries\userdict-en_GB.txt' for locale 'en_GB' does not exist. Ignoring.
2018-10-24 01:59:54,554 [JavaFX Application Thread] INFO  marytts.ModuleRegistry Now initiating mary module 'marytts.language.en.Prosody'
2018-10-24 01:59:54,557 [JavaFX Application Thread] INFO  marytts.ModuleRegistry Now initiating mary module 'marytts.modules.SimplePhoneme2AP(en_US)'
2018-10-24 01:59:54,558 [JavaFX Application Thread] INFO  marytts.ModuleRegistry Now initiating mary module 'marytts.language.en.PronunciationModel'
2018-10-24 01:59:54,560 [JavaFX Application Thread] INFO  marytts.ModuleRegistry Now initiating mary module 'marytts.modules.OpenNLPPosTagger(en,en.pos)'
2018-10-24 01:59:54,561 [JavaFX Application Thread] INFO  marytts.ModuleRegistry Now initiating mary module 'marytts.modules.Synthesis'
2018-10-24 01:59:54,562 [JavaFX Application Thread] INFO  marytts.ModuleRegistry Now initiating mary module 'marytts.modules.TextToMaryXML'
2018-10-24 01:59:54,562 [JavaFX Application Thread] INFO  marytts.ModuleRegistry Now initiating mary module 'marytts.modules.SableParser'
2018-10-24 01:59:54,563 [JavaFX Application Thread] INFO  marytts.ModuleRegistry Now initiating mary module 'marytts.modules.SSMLParser'
2018-10-24 01:59:54,563 [JavaFX Application Thread] INFO  marytts.ModuleRegistry Now initiating mary module 'marytts.modules.APMLParser'
2018-10-24 01:59:54,564 [JavaFX Application Thread] INFO  marytts.ModuleRegistry Now initiating mary module 'marytts.modules.EmotionmlParser'
2018-10-24 01:59:54,564 [JavaFX Application Thread] INFO  marytts.ModuleRegistry Now initiating mary module 'marytts.modules.JTokeniser'
2018-10-24 01:59:54,564 [JavaFX Application Thread] INFO  marytts.ModuleRegistry Now initiating mary module 'marytts.modules.DummyTokens2Words'
2018-10-24 01:59:54,565 [JavaFX Application Thread] INFO  marytts.ModuleRegistry Now initiating mary module 'marytts.modules.ProsodyGeneric'
2018-10-24 01:59:54,565 [JavaFX Application Thread] INFO  marytts.ModuleRegistry Now initiating mary module 'marytts.modules.PronunciationModel'
2018-10-24 01:59:54,565 [JavaFX Application Thread] INFO  marytts.ModuleRegistry Now initiating mary module 'marytts.modules.TargetFeatureLister'
2018-10-24 01:59:54,566 [JavaFX Application Thread] INFO  marytts.ModuleRegistry Now initiating mary module 'marytts.modules.HalfPhoneTargetFeatureLister'
2018-10-24 01:59:54,566 [JavaFX Application Thread] INFO  marytts.ModuleRegistry Now initiating mary module 'marytts.modules.AcousticModeller'
2018-10-24 01:59:54,567 [JavaFX Application Thread] INFO  marytts.ModuleRegistry Now initiating mary module 'marytts.modules.RealisedAcoustparamsExtractor'
2018-10-24 01:59:54,567 [JavaFX Application Thread] INFO  marytts.ModuleRegistry Now initiating mary module 'marytts.modules.RealisedDurationsExtractor'
2018-10-24 01:59:54,568 [JavaFX Application Thread] INFO  marytts.ModuleRegistry Now initiating mary module 'marytts.modules.HTSEngine'
2018-10-24 01:59:54,569 [JavaFX Application Thread] INFO  marytts.ModuleRegistry Now initiating mary module 'marytts.modules.PraatTextGridGenerator'
2018-10-24 01:59:54,571 [JavaFX Application Thread] INFO  marytts.JTokeniser Module started (RAWMARYXML->TOKENS, locale en).
2018-10-24 01:59:54,623 [JavaFX Application Thread] INFO  marytts.JTokeniser Starting power-on self test.
2018-10-24 01:59:54,625 [JavaFX Application Thread] INFO  marytts.JTokeniser Power-on self test complete.
2018-10-24 01:59:54,625 [JavaFX Application Thread] INFO  marytts.Preprocess Module started (TOKENS->WORDS, locale en).
2018-10-24 01:59:54,625 [JavaFX Application Thread] INFO  marytts.Preprocess Starting power-on self test.
2018-10-24 01:59:54,626 [JavaFX Application Thread] INFO  marytts.Preprocess Power-on self test complete.
2018-10-24 01:59:54,626 [JavaFX Application Thread] INFO  marytts.JPhonemiser Module started (PARTSOFSPEECH->PHONEMES, locale en_US).
2018-10-24 01:59:54,626 [JavaFX Application Thread] INFO  marytts.JPhonemiser Starting power-on self test.
2018-10-24 01:59:54,626 [JavaFX Application Thread] INFO  marytts.JPhonemiser Power-on self test complete.
2018-10-24 01:59:54,627 [JavaFX Application Thread] INFO  marytts.JPhonemiser Module started (PARTSOFSPEECH->PHONEMES, locale en_GB).
2018-10-24 01:59:54,627 [JavaFX Application Thread] INFO  marytts.JPhonemiser Starting power-on self test.
2018-10-24 01:59:54,627 [JavaFX Application Thread] INFO  marytts.JPhonemiser Power-on self test complete.
2018-10-24 01:59:54,637 [JavaFX Application Thread] INFO  marytts.Prosody Module started (PHONEMES->INTONATION, locale en).
2018-10-24 01:59:54,637 [JavaFX Application Thread] INFO  marytts.Prosody Starting power-on self test.
2018-10-24 01:59:54,637 [JavaFX Application Thread] INFO  marytts.Prosody Power-on self test complete.
2018-10-24 01:59:54,638 [JavaFX Application Thread] INFO  marytts.SimplePhoneme2AP Module started (SIMPLEPHONEMES->ACOUSTPARAMS, locale en_US).
2018-10-24 01:59:54,638 [JavaFX Application Thread] INFO  marytts.SimplePhoneme2AP Starting power-on self test.
2018-10-24 01:59:54,646 [JavaFX Application Thread] INFO  marytts.SimplePhoneme2AP Power-on self test complete.
2018-10-24 01:59:54,646 [JavaFX Application Thread] INFO  marytts.PronunciationModel Module started (INTONATION->ALLOPHONES, locale en).
2018-10-24 01:59:54,647 [JavaFX Application Thread] INFO  marytts.PronunciationModel Starting power-on self test.
2018-10-24 01:59:54,647 [JavaFX Application Thread] INFO  marytts.PronunciationModel Power-on self test complete.
2018-10-24 01:59:54,647 [JavaFX Application Thread] INFO  marytts.OpenNLPPosTagger Module started (WORDS->PARTSOFSPEECH, locale en).
2018-10-24 01:59:55,418 [JavaFX Application Thread] INFO  marytts.OpenNLPPosTagger Starting power-on self test.
2018-10-24 01:59:55,418 [JavaFX Application Thread] INFO  marytts.OpenNLPPosTagger Power-on self test complete.
2018-10-24 01:59:55,420 [JavaFX Application Thread] INFO  marytts.UnitSelectionSynthesizer started.
2018-10-24 01:59:55,421 [JavaFX Application Thread] INFO  marytts.TargetFeatureLister Module started (ACOUSTPARAMS->TARGETFEATURES, locale null).
2018-10-24 01:59:55,421 [JavaFX Application Thread] INFO  marytts.HTSEngine Module started (TARGETFEATURES->AUDIO, locale null).
2018-10-24 01:59:55,442 [JavaFX Application Thread] INFO  marytts.HMMData Loading Tree Set in CARTs:
2018-10-24 01:59:55,561 [JavaFX Application Thread] INFO  marytts.HMMData Loading GV Model Set:
2018-10-24 01:59:55,730 [JavaFX Application Thread] INFO  marytts.Voice Registering voice `cmu-slt-hsmm': female, locale en_US
2018-10-24 01:59:55,730 [JavaFX Application Thread] INFO  marytts.Voice New default voice for locale en_US: cmu-slt-hsmm (desire 0)
2018-10-24 01:59:55,735 [JavaFX Application Thread] INFO  marytts.HMMData Loading Tree Set in CARTs:
2018-10-24 01:59:55,782 [JavaFX Application Thread] INFO  marytts.HMMData Loading GV Model Set:
2018-10-24 01:59:55,885 [JavaFX Application Thread] INFO  marytts.Voice Registering voice `cmu-rms-hsmm': male, locale en_US
2018-10-24 01:59:55,891 [JavaFX Application Thread] INFO  marytts.HMMData Loading Tree Set in CARTs:
2018-10-24 01:59:55,923 [JavaFX Application Thread] INFO  marytts.HMMData Loading GV Model Set:
2018-10-24 01:59:56,014 [JavaFX Application Thread] INFO  marytts.Voice Registering voice `dfki-poppy-hsmm': female, locale en_GB
2018-10-24 01:59:56,014 [JavaFX Application Thread] INFO  marytts.Voice New default voice for locale en_GB: dfki-poppy-hsmm (desire 0)
2018-10-24 01:59:56,014 [JavaFX Application Thread] INFO  marytts.HMMSynthesizer started.
2018-10-24 01:59:56,014 [JavaFX Application Thread] INFO  marytts.Synthesis Module started (ACOUSTPARAMS->AUDIO, locale null).
2018-10-24 01:59:56,014 [JavaFX Application Thread] INFO  marytts.HMMSynthesizer Starting power-on self test.
2018-10-24 01:59:56,014 [JavaFX Application Thread] INFO  marytts.HMMSynthesizer Power-on self test complete.
2018-10-24 01:59:56,015 [JavaFX Application Thread] INFO  marytts.TextToMaryXML Module started (TEXT->RAWMARYXML, locale null).
2018-10-24 01:59:56,015 [JavaFX Application Thread] INFO  marytts.TextToMaryXML Starting power-on self test.
2018-10-24 01:59:56,016 [JavaFX Application Thread] WARN  marytts.TextToMaryXML Locale is null, overriding with en_US
2018-10-24 01:59:56,016 [JavaFX Application Thread] WARN  marytts.TextToMaryXML Locale is null, overriding with en_US
2018-10-24 01:59:56,016 [JavaFX Application Thread] INFO  marytts.TextToMaryXML Power-on self test complete.
2018-10-24 01:59:56,250 [JavaFX Application Thread] INFO  marytts.SableParser Module started (SABLE->RAWMARYXML, locale null).
2018-10-24 01:59:56,251 [JavaFX Application Thread] INFO  marytts.SableParser Starting power-on self test.
2018-10-24 01:59:56,251 [JavaFX Application Thread] INFO  marytts.SableParser Power-on self test complete.
2018-10-24 01:59:56,332 [JavaFX Application Thread] INFO  marytts.SSMLParser Module started (SSML->RAWMARYXML, locale null).
2018-10-24 01:59:56,332 [JavaFX Application Thread] INFO  marytts.SSMLParser Starting power-on self test.
2018-10-24 01:59:56,332 [JavaFX Application Thread] INFO  marytts.SSMLParser Power-on self test complete.
2018-10-24 01:59:56,400 [JavaFX Application Thread] INFO  marytts.APMLParser Module started (APML->RAWMARYXML, locale null).
2018-10-24 01:59:56,400 [JavaFX Application Thread] INFO  marytts.APMLParser Starting power-on self test.
2018-10-24 01:59:56,401 [JavaFX Application Thread] INFO  marytts.APMLParser Power-on self test complete.
2018-10-24 01:59:56,435 [JavaFX Application Thread] INFO  marytts.EmotionmlParser Module started (EMOTIONML->RAWMARYXML, locale null).
2018-10-24 01:59:56,435 [JavaFX Application Thread] INFO  marytts.EmotionmlParser Starting power-on self test.
2018-10-24 01:59:56,435 [JavaFX Application Thread] INFO  marytts.EmotionmlParser Power-on self test complete.
2018-10-24 01:59:56,436 [JavaFX Application Thread] INFO  marytts.JTokeniser Module started (RAWMARYXML->TOKENS, locale null).
2018-10-24 01:59:56,450 [JavaFX Application Thread] INFO  marytts.JTokeniser Starting power-on self test.
2018-10-24 01:59:56,450 [JavaFX Application Thread] INFO  marytts.JTokeniser Power-on self test complete.
2018-10-24 01:59:56,450 [JavaFX Application Thread] INFO  marytts.DummyTokens2Words Module started (TOKENS->WORDS, locale null).
2018-10-24 01:59:56,450 [JavaFX Application Thread] INFO  marytts.DummyTokens2Words Starting power-on self test.
2018-10-24 01:59:56,450 [JavaFX Application Thread] INFO  marytts.DummyTokens2Words Power-on self test complete.
2018-10-24 01:59:56,454 [JavaFX Application Thread] INFO  marytts.Prosody Module started (PHONEMES->INTONATION, locale null).
2018-10-24 01:59:56,454 [JavaFX Application Thread] INFO  marytts.Prosody Starting power-on self test.
2018-10-24 01:59:56,454 [JavaFX Application Thread] INFO  marytts.Prosody Power-on self test complete.
2018-10-24 01:59:56,454 [JavaFX Application Thread] INFO  marytts.PronunciationModel Module started (INTONATION->ALLOPHONES, locale null).
2018-10-24 01:59:56,454 [JavaFX Application Thread] INFO  marytts.PronunciationModel Starting power-on self test.
2018-10-24 01:59:56,455 [JavaFX Application Thread] INFO  marytts.PronunciationModel Power-on self test complete.
2018-10-24 01:59:56,455 [JavaFX Application Thread] INFO  marytts.TargetFeatureLister Starting power-on self test.
2018-10-24 01:59:56,455 [JavaFX Application Thread] INFO  marytts.TargetFeatureLister Power-on self test complete.
2018-10-24 01:59:56,455 [JavaFX Application Thread] INFO  marytts.TargetFeatureLister Module started (ACOUSTPARAMS->HALFPHONE_TARGETFEATURES, locale null).
2018-10-24 01:59:56,455 [JavaFX Application Thread] INFO  marytts.TargetFeatureLister Starting power-on self test.
2018-10-24 01:59:56,455 [JavaFX Application Thread] INFO  marytts.TargetFeatureLister Power-on self test complete.
2018-10-24 01:59:56,455 [JavaFX Application Thread] INFO  marytts.AcousticModeller Module started (ALLOPHONES->ACOUSTPARAMS, locale null).
2018-10-24 01:59:56,455 [JavaFX Application Thread] INFO  marytts.AcousticModeller Starting power-on self test.
2018-10-24 01:59:56,455 [JavaFX Application Thread] INFO  marytts.AcousticModeller Power-on self test complete.
2018-10-24 01:59:56,455 [JavaFX Application Thread] INFO  marytts.Realised acoustparams extractor Module started (AUDIO->REALISED_ACOUSTPARAMS, locale null).
2018-10-24 01:59:56,455 [JavaFX Application Thread] INFO  marytts.Realised acoustparams extractor Starting power-on self test.
2018-10-24 01:59:56,455 [JavaFX Application Thread] INFO  marytts.Realised acoustparams extractor Power-on self test complete.
2018-10-24 01:59:56,456 [JavaFX Application Thread] INFO  marytts.Realised durations extractor Module started (AUDIO->REALISED_DURATIONS, locale null).
2018-10-24 01:59:56,456 [JavaFX Application Thread] INFO  marytts.Realised durations extractor Starting power-on self test.
2018-10-24 01:59:56,456 [JavaFX Application Thread] INFO  marytts.Realised durations extractor Power-on self test complete.
2018-10-24 01:59:56,456 [JavaFX Application Thread] INFO  marytts.Praat TextGrid generator Module started (REALISED_ACOUSTPARAMS->PRAAT_TEXTGRID, locale null).
2018-10-24 01:59:56,456 [JavaFX Application Thread] INFO  marytts.Praat TextGrid generator Starting power-on self test.
2018-10-24 01:59:56,456 [JavaFX Application Thread] INFO  marytts.Praat TextGrid generator Power-on self test complete.
2018-10-24 01:59:56,456 [JavaFX Application Thread] INFO  marytts.main Startup complete.
2018-10-24 01:59:56,462 [JavaFX Application Thread] INFO  marytts.R 1 New request (input type "TEXT", output type "AUDIO", voice "cmu-rms-hsmm", audio "WAVE")
2018-10-24 01:59:56,463 [JavaFX Application Thread] INFO  marytts.R 1 Handling request using the following modules:
2018-10-24 01:59:56,463 [JavaFX Application Thread] INFO  marytts.R 1 - TextToMaryXML (marytts.modules.TextToMaryXML)
2018-10-24 01:59:56,463 [JavaFX Application Thread] INFO  marytts.R 1 Next module: TextToMaryXML
2018-10-24 01:59:56,464 [JavaFX Application Thread] INFO  marytts.R 1 Handling request using the following modules:
2018-10-24 01:59:56,464 [JavaFX Application Thread] INFO  marytts.R 1 - JTokeniser (marytts.language.en.JTokeniser)
2018-10-24 01:59:56,464 [JavaFX Application Thread] INFO  marytts.R 1 - Preprocess (marytts.language.en.Preprocess)
2018-10-24 01:59:56,464 [JavaFX Application Thread] INFO  marytts.R 1 - OpenNLPPosTagger (marytts.modules.OpenNLPPosTagger)
2018-10-24 01:59:56,464 [JavaFX Application Thread] INFO  marytts.R 1 - JPhonemiser (marytts.modules.JPhonemiser)
2018-10-24 01:59:56,464 [JavaFX Application Thread] INFO  marytts.R 1 - Prosody (marytts.language.en.Prosody)
2018-10-24 01:59:56,464 [JavaFX Application Thread] INFO  marytts.R 1 - PronunciationModel (marytts.language.en.PronunciationModel)
2018-10-24 01:59:56,464 [JavaFX Application Thread] INFO  marytts.R 1 - AcousticModeller (marytts.modules.AcousticModeller)
2018-10-24 01:59:56,464 [JavaFX Application Thread] INFO  marytts.R 1 - Synthesis (marytts.modules.Synthesis)
2018-10-24 01:59:56,464 [JavaFX Application Thread] INFO  marytts.R 1 Next module: JTokeniser
2018-10-24 01:59:56,467 [JavaFX Application Thread] INFO  marytts.R 1 Next module: Preprocess
2018-10-24 01:59:56,468 [JavaFX Application Thread] INFO  marytts.R 1 Next module: OpenNLPPosTagger
2018-10-24 01:59:56,471 [JavaFX Application Thread] INFO  marytts.R 1 Next module: JPhonemiser
2018-10-24 01:59:56,472 [JavaFX Application Thread] INFO  marytts.R 1 Next module: Prosody
2018-10-24 01:59:56,474 [JavaFX Application Thread] INFO  marytts.R 1 Next module: PronunciationModel
2018-10-24 01:59:56,475 [JavaFX Application Thread] INFO  marytts.R 1 Next module: AcousticModeller
2018-10-24 01:59:56,492 [JavaFX Application Thread] INFO  marytts.ParameterGeneration Parameter generation for LF0: 
2018-10-24 01:59:56,492 [JavaFX Application Thread] INFO  marytts.PStream Global variance optimization
2018-10-24 01:59:56,513 [JavaFX Application Thread] INFO  marytts.PStream Gradient GV optimization for feature: (0)  number of iterations=65
2018-10-24 01:59:56,516 [JavaFX Application Thread] INFO  marytts.R 1 Next module: Synthesis
2018-10-24 01:59:56,540 [JavaFX Application Thread] INFO  marytts.HMMSynthesizer Synthesizing one sentence.
2018-10-24 01:59:56,541 [JavaFX Application Thread] INFO  marytts.HTSEngine Using prosody from acoustparams.
2018-10-24 01:59:56,542 [JavaFX Application Thread] INFO  marytts.HTSEngine Number of models in sentence numModel=12  Total number of states numState=60
2018-10-24 01:59:56,542 [JavaFX Application Thread] INFO  marytts.HTSEngine Total number of frames=297  Number of voiced frames=136
2018-10-24 01:59:56,544 [JavaFX Application Thread] INFO  marytts.ParameterGeneration Parameter generation for MGC: 
2018-10-24 01:59:56,544 [JavaFX Application Thread] INFO  marytts.PStream Global variance optimization
2018-10-24 01:59:56,553 [JavaFX Application Thread] INFO  marytts.PStream Gradient GV optimization for feature: (0)  number of iterations=49
2018-10-24 01:59:56,555 [JavaFX Application Thread] INFO  marytts.PStream Gradient GV optimization for feature: (1)  number of iterations=2
2018-10-24 01:59:56,557 [JavaFX Application Thread] INFO  marytts.PStream Gradient GV optimization for feature: (2)  number of iterations=19
2018-10-24 01:59:56,560 [JavaFX Application Thread] INFO  marytts.PStream Gradient GV optimization for feature: (3)  number of iterations=27
2018-10-24 01:59:56,562 [JavaFX Application Thread] INFO  marytts.PStream Gradient GV optimization for feature: (4)  number of iterations=22
2018-10-24 01:59:56,564 [JavaFX Application Thread] INFO  marytts.PStream Gradient GV optimization for feature: (5)  number of iterations=32
2018-10-24 01:59:56,566 [JavaFX Application Thread] INFO  marytts.PStream Gradient GV optimization for feature: (6)  number of iterations=15
2018-10-24 01:59:56,567 [JavaFX Application Thread] INFO  marytts.PStream Gradient GV optimization for feature: (7)  number of iterations=16
2018-10-24 01:59:56,568 [JavaFX Application Thread] INFO  marytts.PStream Gradient GV optimization for feature: (8)  number of iterations=12
2018-10-24 01:59:56,570 [JavaFX Application Thread] INFO  marytts.PStream Gradient GV optimization for feature: (9)  number of iterations=15
2018-10-24 01:59:56,571 [JavaFX Application Thread] INFO  marytts.PStream Gradient GV optimization for feature: (10)  number of iterations=17
2018-10-24 01:59:56,572 [JavaFX Application Thread] INFO  marytts.PStream Gradient GV optimization for feature: (11)  number of iterations=14
2018-10-24 01:59:56,573 [JavaFX Application Thread] INFO  marytts.PStream Gradient GV optimization for feature: (12)  number of iterations=3
2018-10-24 01:59:56,574 [JavaFX Application Thread] INFO  marytts.PStream Gradient GV optimization for feature: (13)  number of iterations=5
2018-10-24 01:59:56,575 [JavaFX Application Thread] INFO  marytts.PStream Gradient GV optimization for feature: (14)  number of iterations=9
2018-10-24 01:59:56,575 [JavaFX Application Thread] INFO  marytts.PStream Gradient GV optimization for feature: (15)  number of iterations=3
2018-10-24 01:59:56,576 [JavaFX Application Thread] INFO  marytts.PStream Gradient GV optimization for feature: (16)  number of iterations=11
2018-10-24 01:59:56,577 [JavaFX Application Thread] INFO  marytts.PStream Gradient GV optimization for feature: (17)  number of iterations=7
2018-10-24 01:59:56,578 [JavaFX Application Thread] INFO  marytts.PStream Gradient GV optimization for feature: (18)  number of iterations=3
2018-10-24 01:59:56,579 [JavaFX Application Thread] INFO  marytts.PStream Gradient GV optimization for feature: (19)  number of iterations=3
2018-10-24 01:59:56,579 [JavaFX Application Thread] INFO  marytts.PStream Gradient GV optimization for feature: (20)  number of iterations=6
2018-10-24 01:59:56,580 [JavaFX Application Thread] INFO  marytts.PStream Gradient GV optimization for feature: (21)  number of iterations=10
2018-10-24 01:59:56,581 [JavaFX Application Thread] INFO  marytts.PStream Gradient GV optimization for feature: (22)  number of iterations=2
2018-10-24 01:59:56,581 [JavaFX Application Thread] INFO  marytts.PStream Gradient GV optimization for feature: (23)  number of iterations=7
2018-10-24 01:59:56,582 [JavaFX Application Thread] INFO  marytts.PStream Gradient GV optimization for feature: (24)  number of iterations=11
2018-10-24 01:59:56,582 [JavaFX Application Thread] INFO  marytts.ParameterGeneration Using f0 from maryXML acoustparams
2018-10-24 01:59:56,585 [JavaFX Application Thread] INFO  marytts.PStream Global variance optimization
2018-10-24 01:59:56,585 [JavaFX Application Thread] INFO  marytts.PStream Gradient GV optimization for feature: (0)  number of iterations=2
2018-10-24 01:59:56,586 [JavaFX Application Thread] INFO  marytts.PStream Gradient GV optimization for feature: (1)  number of iterations=2
2018-10-24 01:59:56,588 [JavaFX Application Thread] INFO  marytts.PStream Gradient GV optimization for feature: (2)  number of iterations=13
2018-10-24 01:59:56,591 [JavaFX Application Thread] INFO  marytts.PStream Gradient GV optimization for feature: (3)  number of iterations=82
2018-10-24 01:59:56,592 [JavaFX Application Thread] INFO  marytts.PStream Gradient GV optimization for feature: (4)  number of iterations=31
2018-10-24 01:59:56,600 [JavaFX Application Thread] INFO  marytts.R 1 Request processed in 138 ms.
2018-10-24 01:59:56,600 [JavaFX Application Thread] INFO  marytts.R 1    TextToMaryXML took 0 ms
2018-10-24 01:59:56,600 [JavaFX Application Thread] INFO  marytts.R 1    JTokeniser took 3 ms
2018-10-24 01:59:56,600 [JavaFX Application Thread] INFO  marytts.R 1    Preprocess took 1 ms
2018-10-24 01:59:56,600 [JavaFX Application Thread] INFO  marytts.R 1    OpenNLPPosTagger took 3 ms
2018-10-24 01:59:56,600 [JavaFX Application Thread] INFO  marytts.R 1    JPhonemiser took 1 ms
2018-10-24 01:59:56,600 [JavaFX Application Thread] INFO  marytts.R 1    Prosody took 2 ms
2018-10-24 01:59:56,600 [JavaFX Application Thread] INFO  marytts.R 1    PronunciationModel took 1 ms
2018-10-24 01:59:56,600 [JavaFX Application Thread] INFO  marytts.R 1    AcousticModeller took 41 ms
2018-10-24 01:59:56,600 [JavaFX Application Thread] INFO  marytts.R 1    Synthesis took 84 ms
2018-10-24 02:00:08,604 [Thread-4] INFO  marytts.main Shutting down modules...
2018-10-24 02:00:08,605 [Thread-4] INFO  marytts.JTokeniser Module shut down.
2018-10-24 02:00:08,605 [Thread-4] INFO  marytts.Preprocess Module shut down.
2018-10-24 02:00:08,605 [Thread-4] INFO  marytts.JPhonemiser Module shut down.
2018-10-24 02:00:08,605 [Thread-4] INFO  marytts.JPhonemiser Module shut down.
2018-10-24 02:00:08,605 [Thread-4] INFO  marytts.Prosody Module shut down.
2018-10-24 02:00:08,605 [Thread-4] INFO  marytts.SimplePhoneme2AP Module shut down.
2018-10-24 02:00:08,605 [Thread-4] INFO  marytts.PronunciationModel Module shut down.
2018-10-24 02:00:08,606 [Thread-4] INFO  marytts.OpenNLPPosTagger Module shut down.
2018-10-24 02:00:08,606 [Thread-4] INFO  marytts.Synthesis Module shut down.
2018-10-24 02:00:08,606 [Thread-4] INFO  marytts.TextToMaryXML Module shut down.
2018-10-24 02:00:08,606 [Thread-4] INFO  marytts.SableParser Module shut down.
2018-10-24 02:00:08,606 [Thread-4] INFO  marytts.SSMLParser Module shut down.
2018-10-24 02:00:08,606 [Thread-4] INFO  marytts.APMLParser Module shut down.
2018-10-24 02:00:08,606 [Thread-4] INFO  marytts.EmotionmlParser Module shut down.
2018-10-24 02:00:08,606 [Thread-4] INFO  marytts.JTokeniser Module shut down.
2018-10-24 02:00:08,606 [Thread-4] INFO  marytts.DummyTokens2Words Module shut down.
2018-10-24 02:00:08,606 [Thread-4] INFO  marytts.Prosody Module shut down.
2018-10-24 02:00:08,607 [Thread-4] INFO  marytts.PronunciationModel Module shut down.
2018-10-24 02:00:08,607 [Thread-4] INFO  marytts.TargetFeatureLister Module shut down.
2018-10-24 02:00:08,607 [Thread-4] INFO  marytts.TargetFeatureLister Module shut down.
2018-10-24 02:00:08,607 [Thread-4] INFO  marytts.AcousticModeller Module shut down.
2018-10-24 02:00:08,607 [Thread-4] INFO  marytts.Realised acoustparams extractor Module shut down.
2018-10-24 02:00:08,607 [Thread-4] INFO  marytts.Realised durations extractor Module shut down.
2018-10-24 02:00:08,608 [Thread-4] INFO  marytts.HTSEngine Module shut down.
2018-10-24 02:00:08,608 [Thread-4] INFO  marytts.Praat TextGrid generator Module shut down.
2018-10-24 02:00:08,609 [Thread-4] INFO  marytts.main Shutdown complete.
