2018-10-24 01:26:25,057 [JavaFX Application Thread] INFO  marytts.main Mary starting up...
2018-10-24 01:26:25,061 [JavaFX Application Thread] INFO  marytts.main Specification version 5.2
2018-10-24 01:26:25,061 [JavaFX Application Thread] INFO  marytts.main Implementation version unknown
2018-10-24 01:26:25,061 [JavaFX Application Thread] INFO  marytts.main Running on a Java 10.0.2 implementation by Oracle Corporation, on a Windows 10 platform (amd64, 10.0)
2018-10-24 01:26:25,160 [JavaFX Application Thread] INFO  marytts.ModuleRegistry Now initiating mary module 'marytts.modules.Synthesis'
2018-10-24 01:26:25,163 [JavaFX Application Thread] INFO  marytts.ModuleRegistry Now initiating mary module 'marytts.modules.TextToMaryXML'
2018-10-24 01:26:25,164 [JavaFX Application Thread] INFO  marytts.ModuleRegistry Now initiating mary module 'marytts.modules.SableParser'
2018-10-24 01:26:25,165 [JavaFX Application Thread] INFO  marytts.ModuleRegistry Now initiating mary module 'marytts.modules.SSMLParser'
2018-10-24 01:26:25,165 [JavaFX Application Thread] INFO  marytts.ModuleRegistry Now initiating mary module 'marytts.modules.APMLParser'
2018-10-24 01:26:25,166 [JavaFX Application Thread] INFO  marytts.ModuleRegistry Now initiating mary module 'marytts.modules.EmotionmlParser'
2018-10-24 01:26:25,166 [JavaFX Application Thread] INFO  marytts.ModuleRegistry Now initiating mary module 'marytts.modules.JTokeniser'
2018-10-24 01:26:25,167 [JavaFX Application Thread] INFO  marytts.ModuleRegistry Now initiating mary module 'marytts.modules.DummyTokens2Words'
2018-10-24 01:26:25,167 [JavaFX Application Thread] INFO  marytts.ModuleRegistry Now initiating mary module 'marytts.modules.ProsodyGeneric'
2018-10-24 01:26:25,169 [JavaFX Application Thread] INFO  marytts.ModuleRegistry Now initiating mary module 'marytts.modules.PronunciationModel'
2018-10-24 01:26:25,169 [JavaFX Application Thread] INFO  marytts.ModuleRegistry Now initiating mary module 'marytts.modules.TargetFeatureLister'
2018-10-24 01:26:25,170 [JavaFX Application Thread] INFO  marytts.ModuleRegistry Now initiating mary module 'marytts.modules.HalfPhoneTargetFeatureLister'
2018-10-24 01:26:25,170 [JavaFX Application Thread] INFO  marytts.ModuleRegistry Now initiating mary module 'marytts.modules.AcousticModeller'
2018-10-24 01:26:25,171 [JavaFX Application Thread] INFO  marytts.ModuleRegistry Now initiating mary module 'marytts.modules.RealisedAcoustparamsExtractor'
2018-10-24 01:26:25,172 [JavaFX Application Thread] INFO  marytts.ModuleRegistry Now initiating mary module 'marytts.modules.RealisedDurationsExtractor'
2018-10-24 01:26:25,172 [JavaFX Application Thread] INFO  marytts.ModuleRegistry Now initiating mary module 'marytts.modules.HTSEngine'
2018-10-24 01:26:25,173 [JavaFX Application Thread] INFO  marytts.ModuleRegistry Now initiating mary module 'marytts.modules.PraatTextGridGenerator'
2018-10-24 01:26:25,174 [JavaFX Application Thread] INFO  marytts.ModuleRegistry Now initiating mary module 'marytts.language.en.JTokeniser'
2018-10-24 01:26:25,174 [JavaFX Application Thread] INFO  marytts.ModuleRegistry Now initiating mary module 'marytts.language.en.Preprocess'
2018-10-24 01:26:25,300 [JavaFX Application Thread] INFO  marytts.ModuleRegistry Now initiating mary module 'marytts.modules.JPhonemiser(en_US.)'
2018-10-24 01:26:25,301 [JavaFX Application Thread] INFO  marytts.JPhonemiser User dictionary '.\user-dictionaries\userdict-en_US.txt' for locale 'en_US' does not exist. Ignoring.
2018-10-24 01:26:25,354 [JavaFX Application Thread] INFO  marytts.ModuleRegistry Now initiating mary module 'marytts.modules.JPhonemiser(en_GB.)'
2018-10-24 01:26:25,354 [JavaFX Application Thread] INFO  marytts.JPhonemiser User dictionary '.\user-dictionaries\userdict-en_GB.txt' for locale 'en_GB' does not exist. Ignoring.
2018-10-24 01:26:25,401 [JavaFX Application Thread] INFO  marytts.ModuleRegistry Now initiating mary module 'marytts.language.en.Prosody'
2018-10-24 01:26:25,402 [JavaFX Application Thread] INFO  marytts.ModuleRegistry Now initiating mary module 'marytts.modules.SimplePhoneme2AP(en_US)'
2018-10-24 01:26:25,403 [JavaFX Application Thread] INFO  marytts.ModuleRegistry Now initiating mary module 'marytts.language.en.PronunciationModel'
2018-10-24 01:26:25,403 [JavaFX Application Thread] INFO  marytts.ModuleRegistry Now initiating mary module 'marytts.modules.OpenNLPPosTagger(en,en.pos)'
2018-10-24 01:26:25,407 [JavaFX Application Thread] INFO  marytts.UnitSelectionSynthesizer started.
2018-10-24 01:26:25,408 [JavaFX Application Thread] INFO  marytts.TargetFeatureLister Module started (ACOUSTPARAMS->TARGETFEATURES, locale null).
2018-10-24 01:26:25,409 [JavaFX Application Thread] INFO  marytts.HTSEngine Module started (TARGETFEATURES->AUDIO, locale null).
2018-10-24 01:26:25,426 [JavaFX Application Thread] INFO  marytts.HMMData Loading Tree Set in CARTs:
2018-10-24 01:26:25,507 [JavaFX Application Thread] INFO  marytts.HMMData Loading GV Model Set:
2018-10-24 01:26:25,642 [JavaFX Application Thread] INFO  marytts.Voice Registering voice `cmu-rms-hsmm': male, locale en_US
2018-10-24 01:26:25,642 [JavaFX Application Thread] INFO  marytts.Voice New default voice for locale en_US: cmu-rms-hsmm (desire 0)
2018-10-24 01:26:25,650 [JavaFX Application Thread] INFO  marytts.HMMData Loading Tree Set in CARTs:
2018-10-24 01:26:25,695 [JavaFX Application Thread] INFO  marytts.HMMData Loading GV Model Set:
2018-10-24 01:26:25,791 [JavaFX Application Thread] INFO  marytts.Voice Registering voice `cmu-slt-hsmm': female, locale en_US
2018-10-24 01:26:25,813 [JavaFX Application Thread] INFO  marytts.HMMData Loading Tree Set in CARTs:
2018-10-24 01:26:25,857 [JavaFX Application Thread] INFO  marytts.HMMData Loading GV Model Set:
2018-10-24 01:26:25,934 [JavaFX Application Thread] INFO  marytts.Voice Registering voice `dfki-poppy-hsmm': female, locale en_GB
2018-10-24 01:26:25,934 [JavaFX Application Thread] INFO  marytts.Voice New default voice for locale en_GB: dfki-poppy-hsmm (desire 0)
2018-10-24 01:26:25,934 [JavaFX Application Thread] INFO  marytts.HMMSynthesizer started.
2018-10-24 01:26:25,934 [JavaFX Application Thread] INFO  marytts.Synthesis Module started (ACOUSTPARAMS->AUDIO, locale null).
2018-10-24 01:26:25,935 [JavaFX Application Thread] INFO  marytts.HMMSynthesizer Starting power-on self test.
2018-10-24 01:26:25,937 [JavaFX Application Thread] INFO  marytts.HMMSynthesizer Power-on self test complete.
2018-10-24 01:26:25,937 [JavaFX Application Thread] INFO  marytts.TextToMaryXML Module started (TEXT->RAWMARYXML, locale null).
2018-10-24 01:26:25,938 [JavaFX Application Thread] INFO  marytts.TextToMaryXML Starting power-on self test.
2018-10-24 01:26:25,944 [JavaFX Application Thread] WARN  marytts.TextToMaryXML Locale is null, overriding with en_US
2018-10-24 01:26:25,944 [JavaFX Application Thread] WARN  marytts.TextToMaryXML Locale is null, overriding with en_US
2018-10-24 01:26:25,944 [JavaFX Application Thread] INFO  marytts.TextToMaryXML Power-on self test complete.
2018-10-24 01:26:26,214 [JavaFX Application Thread] INFO  marytts.SableParser Module started (SABLE->RAWMARYXML, locale null).
2018-10-24 01:26:26,214 [JavaFX Application Thread] INFO  marytts.SableParser Starting power-on self test.
2018-10-24 01:26:26,215 [JavaFX Application Thread] INFO  marytts.SableParser Power-on self test complete.
2018-10-24 01:26:26,313 [JavaFX Application Thread] INFO  marytts.SSMLParser Module started (SSML->RAWMARYXML, locale null).
2018-10-24 01:26:26,313 [JavaFX Application Thread] INFO  marytts.SSMLParser Starting power-on self test.
2018-10-24 01:26:26,313 [JavaFX Application Thread] INFO  marytts.SSMLParser Power-on self test complete.
2018-10-24 01:26:26,386 [JavaFX Application Thread] INFO  marytts.APMLParser Module started (APML->RAWMARYXML, locale null).
2018-10-24 01:26:26,386 [JavaFX Application Thread] INFO  marytts.APMLParser Starting power-on self test.
2018-10-24 01:26:26,386 [JavaFX Application Thread] INFO  marytts.APMLParser Power-on self test complete.
2018-10-24 01:26:26,442 [JavaFX Application Thread] INFO  marytts.EmotionmlParser Module started (EMOTIONML->RAWMARYXML, locale null).
2018-10-24 01:26:26,442 [JavaFX Application Thread] INFO  marytts.EmotionmlParser Starting power-on self test.
2018-10-24 01:26:26,442 [JavaFX Application Thread] INFO  marytts.EmotionmlParser Power-on self test complete.
2018-10-24 01:26:26,442 [JavaFX Application Thread] INFO  marytts.JTokeniser Module started (RAWMARYXML->TOKENS, locale null).
2018-10-24 01:26:26,478 [JavaFX Application Thread] INFO  marytts.JTokeniser Starting power-on self test.
2018-10-24 01:26:26,478 [JavaFX Application Thread] INFO  marytts.JTokeniser Power-on self test complete.
2018-10-24 01:26:26,478 [JavaFX Application Thread] INFO  marytts.DummyTokens2Words Module started (TOKENS->WORDS, locale null).
2018-10-24 01:26:26,478 [JavaFX Application Thread] INFO  marytts.DummyTokens2Words Starting power-on self test.
2018-10-24 01:26:26,478 [JavaFX Application Thread] INFO  marytts.DummyTokens2Words Power-on self test complete.
2018-10-24 01:26:26,484 [JavaFX Application Thread] INFO  marytts.Prosody Module started (PHONEMES->INTONATION, locale null).
2018-10-24 01:26:26,484 [JavaFX Application Thread] INFO  marytts.Prosody Starting power-on self test.
2018-10-24 01:26:26,484 [JavaFX Application Thread] INFO  marytts.Prosody Power-on self test complete.
2018-10-24 01:26:26,484 [JavaFX Application Thread] INFO  marytts.PronunciationModel Module started (INTONATION->ALLOPHONES, locale null).
2018-10-24 01:26:26,484 [JavaFX Application Thread] INFO  marytts.PronunciationModel Starting power-on self test.
2018-10-24 01:26:26,484 [JavaFX Application Thread] INFO  marytts.PronunciationModel Power-on self test complete.
2018-10-24 01:26:26,484 [JavaFX Application Thread] INFO  marytts.TargetFeatureLister Starting power-on self test.
2018-10-24 01:26:26,485 [JavaFX Application Thread] INFO  marytts.TargetFeatureLister Power-on self test complete.
2018-10-24 01:26:26,485 [JavaFX Application Thread] INFO  marytts.TargetFeatureLister Module started (ACOUSTPARAMS->HALFPHONE_TARGETFEATURES, locale null).
2018-10-24 01:26:26,485 [JavaFX Application Thread] INFO  marytts.TargetFeatureLister Starting power-on self test.
2018-10-24 01:26:26,485 [JavaFX Application Thread] INFO  marytts.TargetFeatureLister Power-on self test complete.
2018-10-24 01:26:26,485 [JavaFX Application Thread] INFO  marytts.AcousticModeller Module started (ALLOPHONES->ACOUSTPARAMS, locale null).
2018-10-24 01:26:26,485 [JavaFX Application Thread] INFO  marytts.AcousticModeller Starting power-on self test.
2018-10-24 01:26:26,485 [JavaFX Application Thread] INFO  marytts.AcousticModeller Power-on self test complete.
2018-10-24 01:26:26,485 [JavaFX Application Thread] INFO  marytts.Realised acoustparams extractor Module started (AUDIO->REALISED_ACOUSTPARAMS, locale null).
2018-10-24 01:26:26,485 [JavaFX Application Thread] INFO  marytts.Realised acoustparams extractor Starting power-on self test.
2018-10-24 01:26:26,485 [JavaFX Application Thread] INFO  marytts.Realised acoustparams extractor Power-on self test complete.
2018-10-24 01:26:26,485 [JavaFX Application Thread] INFO  marytts.Realised durations extractor Module started (AUDIO->REALISED_DURATIONS, locale null).
2018-10-24 01:26:26,485 [JavaFX Application Thread] INFO  marytts.Realised durations extractor Starting power-on self test.
2018-10-24 01:26:26,485 [JavaFX Application Thread] INFO  marytts.Realised durations extractor Power-on self test complete.
2018-10-24 01:26:26,485 [JavaFX Application Thread] INFO  marytts.Praat TextGrid generator Module started (REALISED_ACOUSTPARAMS->PRAAT_TEXTGRID, locale null).
2018-10-24 01:26:26,485 [JavaFX Application Thread] INFO  marytts.Praat TextGrid generator Starting power-on self test.
2018-10-24 01:26:26,485 [JavaFX Application Thread] INFO  marytts.Praat TextGrid generator Power-on self test complete.
2018-10-24 01:26:26,485 [JavaFX Application Thread] INFO  marytts.JTokeniser Module started (RAWMARYXML->TOKENS, locale en).
2018-10-24 01:26:26,506 [JavaFX Application Thread] INFO  marytts.JTokeniser Starting power-on self test.
2018-10-24 01:26:26,507 [JavaFX Application Thread] INFO  marytts.JTokeniser Power-on self test complete.
2018-10-24 01:26:26,507 [JavaFX Application Thread] INFO  marytts.Preprocess Module started (TOKENS->WORDS, locale en).
2018-10-24 01:26:26,507 [JavaFX Application Thread] INFO  marytts.Preprocess Starting power-on self test.
2018-10-24 01:26:26,507 [JavaFX Application Thread] INFO  marytts.Preprocess Power-on self test complete.
2018-10-24 01:26:26,507 [JavaFX Application Thread] INFO  marytts.JPhonemiser Module started (PARTSOFSPEECH->PHONEMES, locale en_US).
2018-10-24 01:26:26,507 [JavaFX Application Thread] INFO  marytts.JPhonemiser Starting power-on self test.
2018-10-24 01:26:26,507 [JavaFX Application Thread] INFO  marytts.JPhonemiser Power-on self test complete.
2018-10-24 01:26:26,508 [JavaFX Application Thread] INFO  marytts.JPhonemiser Module started (PARTSOFSPEECH->PHONEMES, locale en_GB).
2018-10-24 01:26:26,508 [JavaFX Application Thread] INFO  marytts.JPhonemiser Starting power-on self test.
2018-10-24 01:26:26,508 [JavaFX Application Thread] INFO  marytts.JPhonemiser Power-on self test complete.
2018-10-24 01:26:26,513 [JavaFX Application Thread] INFO  marytts.Prosody Module started (PHONEMES->INTONATION, locale en).
2018-10-24 01:26:26,513 [JavaFX Application Thread] INFO  marytts.Prosody Starting power-on self test.
2018-10-24 01:26:26,513 [JavaFX Application Thread] INFO  marytts.Prosody Power-on self test complete.
2018-10-24 01:26:26,513 [JavaFX Application Thread] INFO  marytts.SimplePhoneme2AP Module started (SIMPLEPHONEMES->ACOUSTPARAMS, locale en_US).
2018-10-24 01:26:26,513 [JavaFX Application Thread] INFO  marytts.SimplePhoneme2AP Starting power-on self test.
2018-10-24 01:26:26,515 [JavaFX Application Thread] INFO  marytts.SimplePhoneme2AP Power-on self test complete.
2018-10-24 01:26:26,515 [JavaFX Application Thread] INFO  marytts.PronunciationModel Module started (INTONATION->ALLOPHONES, locale en).
2018-10-24 01:26:26,515 [JavaFX Application Thread] INFO  marytts.PronunciationModel Starting power-on self test.
2018-10-24 01:26:26,515 [JavaFX Application Thread] INFO  marytts.PronunciationModel Power-on self test complete.
2018-10-24 01:26:26,515 [JavaFX Application Thread] INFO  marytts.OpenNLPPosTagger Module started (WORDS->PARTSOFSPEECH, locale en).
2018-10-24 01:26:27,316 [JavaFX Application Thread] INFO  marytts.OpenNLPPosTagger Starting power-on self test.
2018-10-24 01:26:27,316 [JavaFX Application Thread] INFO  marytts.OpenNLPPosTagger Power-on self test complete.
2018-10-24 01:26:27,317 [JavaFX Application Thread] INFO  marytts.main Startup complete.
2018-10-24 01:26:27,322 [JavaFX Application Thread] INFO  marytts.R 1 New request (input type "TEXT", output type "AUDIO", voice "cmu-rms-hsmm", audio "WAVE")
2018-10-24 01:26:27,322 [JavaFX Application Thread] INFO  marytts.R 1 Handling request using the following modules:
2018-10-24 01:26:27,322 [JavaFX Application Thread] INFO  marytts.R 1 - TextToMaryXML (marytts.modules.TextToMaryXML)
2018-10-24 01:26:27,322 [JavaFX Application Thread] INFO  marytts.R 1 Next module: TextToMaryXML
2018-10-24 01:26:27,324 [JavaFX Application Thread] INFO  marytts.R 1 Handling request using the following modules:
2018-10-24 01:26:27,324 [JavaFX Application Thread] INFO  marytts.R 1 - JTokeniser (marytts.language.en.JTokeniser)
2018-10-24 01:26:27,324 [JavaFX Application Thread] INFO  marytts.R 1 - Preprocess (marytts.language.en.Preprocess)
2018-10-24 01:26:27,324 [JavaFX Application Thread] INFO  marytts.R 1 - OpenNLPPosTagger (marytts.modules.OpenNLPPosTagger)
2018-10-24 01:26:27,324 [JavaFX Application Thread] INFO  marytts.R 1 - JPhonemiser (marytts.modules.JPhonemiser)
2018-10-24 01:26:27,324 [JavaFX Application Thread] INFO  marytts.R 1 - Prosody (marytts.language.en.Prosody)
2018-10-24 01:26:27,324 [JavaFX Application Thread] INFO  marytts.R 1 - PronunciationModel (marytts.language.en.PronunciationModel)
2018-10-24 01:26:27,324 [JavaFX Application Thread] INFO  marytts.R 1 - AcousticModeller (marytts.modules.AcousticModeller)
2018-10-24 01:26:27,324 [JavaFX Application Thread] INFO  marytts.R 1 - Synthesis (marytts.modules.Synthesis)
2018-10-24 01:26:27,324 [JavaFX Application Thread] INFO  marytts.R 1 Next module: JTokeniser
2018-10-24 01:26:27,326 [JavaFX Application Thread] INFO  marytts.R 1 Next module: Preprocess
2018-10-24 01:26:27,327 [JavaFX Application Thread] INFO  marytts.R 1 Next module: OpenNLPPosTagger
2018-10-24 01:26:27,330 [JavaFX Application Thread] INFO  marytts.R 1 Next module: JPhonemiser
2018-10-24 01:26:27,331 [JavaFX Application Thread] INFO  marytts.R 1 Next module: Prosody
2018-10-24 01:26:27,332 [JavaFX Application Thread] INFO  marytts.R 1 Next module: PronunciationModel
2018-10-24 01:26:27,332 [JavaFX Application Thread] INFO  marytts.R 1 Next module: AcousticModeller
2018-10-24 01:26:27,343 [JavaFX Application Thread] INFO  marytts.ParameterGeneration Parameter generation for LF0: 
2018-10-24 01:26:27,344 [JavaFX Application Thread] INFO  marytts.PStream Global variance optimization
2018-10-24 01:26:27,344 [JavaFX Application Thread] INFO  marytts.PStream Gradient GV optimization for feature: (0)  number of iterations=8
2018-10-24 01:26:27,346 [JavaFX Application Thread] INFO  marytts.R 1 Next module: Synthesis
2018-10-24 01:26:27,367 [JavaFX Application Thread] INFO  marytts.HMMSynthesizer Synthesizing one sentence.
2018-10-24 01:26:27,368 [JavaFX Application Thread] INFO  marytts.HTSEngine Using prosody from acoustparams.
2018-10-24 01:26:27,369 [JavaFX Application Thread] INFO  marytts.HTSEngine Number of models in sentence numModel=5  Total number of states numState=25
2018-10-24 01:26:27,369 [JavaFX Application Thread] INFO  marytts.HTSEngine Total number of frames=172  Number of voiced frames=71
2018-10-24 01:26:27,371 [JavaFX Application Thread] INFO  marytts.ParameterGeneration Parameter generation for MGC: 
2018-10-24 01:26:27,371 [JavaFX Application Thread] INFO  marytts.PStream Global variance optimization
2018-10-24 01:26:27,376 [JavaFX Application Thread] INFO  marytts.PStream Gradient GV optimization for feature: (0)  number of iterations=27
2018-10-24 01:26:27,380 [JavaFX Application Thread] INFO  marytts.PStream Gradient GV optimization for feature: (1)  number of iterations=24
2018-10-24 01:26:27,384 [JavaFX Application Thread] INFO  marytts.PStream Gradient GV optimization for feature: (2)  number of iterations=20
2018-10-24 01:26:27,387 [JavaFX Application Thread] INFO  marytts.PStream Gradient GV optimization for feature: (3)  number of iterations=22
2018-10-24 01:26:27,390 [JavaFX Application Thread] INFO  marytts.PStream Gradient GV optimization for feature: (4)  number of iterations=26
2018-10-24 01:26:27,391 [JavaFX Application Thread] INFO  marytts.PStream Gradient GV optimization for feature: (5)  number of iterations=3
2018-10-24 01:26:27,393 [JavaFX Application Thread] INFO  marytts.PStream Gradient GV optimization for feature: (6)  number of iterations=47
2018-10-24 01:26:27,394 [JavaFX Application Thread] INFO  marytts.PStream Gradient GV optimization for feature: (7)  number of iterations=22
2018-10-24 01:26:27,395 [JavaFX Application Thread] INFO  marytts.PStream Gradient GV optimization for feature: (8)  number of iterations=22
2018-10-24 01:26:27,396 [JavaFX Application Thread] INFO  marytts.PStream Gradient GV optimization for feature: (9)  number of iterations=15
2018-10-24 01:26:27,398 [JavaFX Application Thread] INFO  marytts.PStream Gradient GV optimization for feature: (10)  number of iterations=50
2018-10-24 01:26:27,399 [JavaFX Application Thread] INFO  marytts.PStream Gradient GV optimization for feature: (11)  number of iterations=9
2018-10-24 01:26:27,399 [JavaFX Application Thread] INFO  marytts.PStream Gradient GV optimization for feature: (12)  number of iterations=14
2018-10-24 01:26:27,400 [JavaFX Application Thread] INFO  marytts.PStream Gradient GV optimization for feature: (13)  number of iterations=17
2018-10-24 01:26:27,401 [JavaFX Application Thread] INFO  marytts.PStream Gradient GV optimization for feature: (14)  number of iterations=31
2018-10-24 01:26:27,402 [JavaFX Application Thread] INFO  marytts.PStream Gradient GV optimization for feature: (15)  number of iterations=9
2018-10-24 01:26:27,402 [JavaFX Application Thread] INFO  marytts.PStream Gradient GV optimization for feature: (16)  number of iterations=4
2018-10-24 01:26:27,403 [JavaFX Application Thread] INFO  marytts.PStream Gradient GV optimization for feature: (17)  number of iterations=9
2018-10-24 01:26:27,404 [JavaFX Application Thread] INFO  marytts.PStream Gradient GV optimization for feature: (18)  number of iterations=15
2018-10-24 01:26:27,404 [JavaFX Application Thread] INFO  marytts.PStream Gradient GV optimization for feature: (19)  number of iterations=3
2018-10-24 01:26:27,404 [JavaFX Application Thread] INFO  marytts.PStream Gradient GV optimization for feature: (20)  number of iterations=7
2018-10-24 01:26:27,405 [JavaFX Application Thread] INFO  marytts.PStream Gradient GV optimization for feature: (21)  number of iterations=15
2018-10-24 01:26:27,406 [JavaFX Application Thread] INFO  marytts.PStream Gradient GV optimization for feature: (22)  number of iterations=3
2018-10-24 01:26:27,406 [JavaFX Application Thread] INFO  marytts.PStream Gradient GV optimization for feature: (23)  number of iterations=7
2018-10-24 01:26:27,407 [JavaFX Application Thread] INFO  marytts.PStream Gradient GV optimization for feature: (24)  number of iterations=23
2018-10-24 01:26:27,407 [JavaFX Application Thread] INFO  marytts.ParameterGeneration Using f0 from maryXML acoustparams
2018-10-24 01:26:27,408 [JavaFX Application Thread] INFO  marytts.PStream Global variance optimization
2018-10-24 01:26:27,409 [JavaFX Application Thread] INFO  marytts.PStream Gradient GV optimization for feature: (0)  number of iterations=22
2018-10-24 01:26:27,410 [JavaFX Application Thread] INFO  marytts.PStream Gradient GV optimization for feature: (1)  number of iterations=3
2018-10-24 01:26:27,410 [JavaFX Application Thread] INFO  marytts.PStream Gradient GV optimization for feature: (2)  number of iterations=17
2018-10-24 01:26:27,411 [JavaFX Application Thread] INFO  marytts.PStream Gradient GV optimization for feature: (3)  number of iterations=30
2018-10-24 01:26:27,412 [JavaFX Application Thread] INFO  marytts.PStream Gradient GV optimization for feature: (4)  number of iterations=13
2018-10-24 01:26:27,417 [JavaFX Application Thread] INFO  marytts.R 1 Request processed in 95 ms.
2018-10-24 01:26:27,417 [JavaFX Application Thread] INFO  marytts.R 1    TextToMaryXML took 1 ms
2018-10-24 01:26:27,417 [JavaFX Application Thread] INFO  marytts.R 1    JTokeniser took 2 ms
2018-10-24 01:26:27,417 [JavaFX Application Thread] INFO  marytts.R 1    Preprocess took 1 ms
2018-10-24 01:26:27,418 [JavaFX Application Thread] INFO  marytts.R 1    OpenNLPPosTagger took 3 ms
2018-10-24 01:26:27,418 [JavaFX Application Thread] INFO  marytts.R 1    JPhonemiser took 1 ms
2018-10-24 01:26:27,418 [JavaFX Application Thread] INFO  marytts.R 1    Prosody took 1 ms
2018-10-24 01:26:27,418 [JavaFX Application Thread] INFO  marytts.R 1    PronunciationModel took 0 ms
2018-10-24 01:26:27,418 [JavaFX Application Thread] INFO  marytts.R 1    AcousticModeller took 14 ms
2018-10-24 01:26:27,418 [JavaFX Application Thread] INFO  marytts.R 1    Synthesis took 71 ms
2018-10-24 01:26:29,708 [Thread-9] INFO  marytts.main Shutting down modules...
2018-10-24 01:26:29,710 [Thread-9] INFO  marytts.Synthesis Module shut down.
2018-10-24 01:26:29,710 [Thread-9] INFO  marytts.TextToMaryXML Module shut down.
2018-10-24 01:26:29,710 [Thread-9] INFO  marytts.SableParser Module shut down.
2018-10-24 01:26:29,710 [Thread-9] INFO  marytts.SSMLParser Module shut down.
2018-10-24 01:26:29,711 [Thread-9] INFO  marytts.APMLParser Module shut down.
2018-10-24 01:26:29,713 [Thread-9] INFO  marytts.EmotionmlParser Module shut down.
2018-10-24 01:26:29,713 [Thread-9] INFO  marytts.JTokeniser Module shut down.
2018-10-24 01:26:29,714 [Thread-9] INFO  marytts.DummyTokens2Words Module shut down.
2018-10-24 01:26:29,714 [Thread-9] INFO  marytts.Prosody Module shut down.
2018-10-24 01:26:29,714 [Thread-9] INFO  marytts.PronunciationModel Module shut down.
2018-10-24 01:26:29,714 [Thread-9] INFO  marytts.TargetFeatureLister Module shut down.
2018-10-24 01:26:29,715 [Thread-9] INFO  marytts.TargetFeatureLister Module shut down.
2018-10-24 01:26:29,715 [Thread-9] INFO  marytts.AcousticModeller Module shut down.
2018-10-24 01:26:29,715 [Thread-9] INFO  marytts.Realised acoustparams extractor Module shut down.
2018-10-24 01:26:29,715 [Thread-9] INFO  marytts.Realised durations extractor Module shut down.
2018-10-24 01:26:29,716 [Thread-9] INFO  marytts.HTSEngine Module shut down.
2018-10-24 01:26:29,716 [Thread-9] INFO  marytts.Praat TextGrid generator Module shut down.
2018-10-24 01:26:29,716 [Thread-9] INFO  marytts.JTokeniser Module shut down.
2018-10-24 01:26:29,716 [Thread-9] INFO  marytts.Preprocess Module shut down.
2018-10-24 01:26:29,717 [Thread-9] INFO  marytts.JPhonemiser Module shut down.
2018-10-24 01:26:29,717 [Thread-9] INFO  marytts.JPhonemiser Module shut down.
2018-10-24 01:26:29,717 [Thread-9] INFO  marytts.Prosody Module shut down.
2018-10-24 01:26:29,717 [Thread-9] INFO  marytts.SimplePhoneme2AP Module shut down.
2018-10-24 01:26:29,717 [Thread-9] INFO  marytts.PronunciationModel Module shut down.
2018-10-24 01:26:29,717 [Thread-9] INFO  marytts.OpenNLPPosTagger Module shut down.
2018-10-24 01:26:29,719 [Thread-9] INFO  marytts.main Shutdown complete.
2018-10-24 01:27:37,952 [JavaFX Application Thread] INFO  marytts.main Mary starting up...
2018-10-24 01:27:37,956 [JavaFX Application Thread] INFO  marytts.main Specification version 5.2
2018-10-24 01:27:37,956 [JavaFX Application Thread] INFO  marytts.main Implementation version unknown
2018-10-24 01:27:37,956 [JavaFX Application Thread] INFO  marytts.main Running on a Java 10.0.2 implementation by Oracle Corporation, on a Windows 10 platform (amd64, 10.0)
2018-10-24 01:27:38,030 [JavaFX Application Thread] INFO  marytts.ModuleRegistry Now initiating mary module 'marytts.modules.Synthesis'
2018-10-24 01:27:38,033 [JavaFX Application Thread] INFO  marytts.ModuleRegistry Now initiating mary module 'marytts.modules.TextToMaryXML'
2018-10-24 01:27:38,034 [JavaFX Application Thread] INFO  marytts.ModuleRegistry Now initiating mary module 'marytts.modules.SableParser'
2018-10-24 01:27:38,034 [JavaFX Application Thread] INFO  marytts.ModuleRegistry Now initiating mary module 'marytts.modules.SSMLParser'
2018-10-24 01:27:38,035 [JavaFX Application Thread] INFO  marytts.ModuleRegistry Now initiating mary module 'marytts.modules.APMLParser'
2018-10-24 01:27:38,036 [JavaFX Application Thread] INFO  marytts.ModuleRegistry Now initiating mary module 'marytts.modules.EmotionmlParser'
2018-10-24 01:27:38,036 [JavaFX Application Thread] INFO  marytts.ModuleRegistry Now initiating mary module 'marytts.modules.JTokeniser'
2018-10-24 01:27:38,037 [JavaFX Application Thread] INFO  marytts.ModuleRegistry Now initiating mary module 'marytts.modules.DummyTokens2Words'
2018-10-24 01:27:38,037 [JavaFX Application Thread] INFO  marytts.ModuleRegistry Now initiating mary module 'marytts.modules.ProsodyGeneric'
2018-10-24 01:27:38,040 [JavaFX Application Thread] INFO  marytts.ModuleRegistry Now initiating mary module 'marytts.modules.PronunciationModel'
2018-10-24 01:27:38,041 [JavaFX Application Thread] INFO  marytts.ModuleRegistry Now initiating mary module 'marytts.modules.TargetFeatureLister'
2018-10-24 01:27:38,041 [JavaFX Application Thread] INFO  marytts.ModuleRegistry Now initiating mary module 'marytts.modules.HalfPhoneTargetFeatureLister'
2018-10-24 01:27:38,041 [JavaFX Application Thread] INFO  marytts.ModuleRegistry Now initiating mary module 'marytts.modules.AcousticModeller'
2018-10-24 01:27:38,042 [JavaFX Application Thread] INFO  marytts.ModuleRegistry Now initiating mary module 'marytts.modules.RealisedAcoustparamsExtractor'
2018-10-24 01:27:38,043 [JavaFX Application Thread] INFO  marytts.ModuleRegistry Now initiating mary module 'marytts.modules.RealisedDurationsExtractor'
2018-10-24 01:27:38,043 [JavaFX Application Thread] INFO  marytts.ModuleRegistry Now initiating mary module 'marytts.modules.HTSEngine'
2018-10-24 01:27:38,044 [JavaFX Application Thread] INFO  marytts.ModuleRegistry Now initiating mary module 'marytts.modules.PraatTextGridGenerator'
2018-10-24 01:27:38,045 [JavaFX Application Thread] INFO  marytts.ModuleRegistry Now initiating mary module 'marytts.language.en.JTokeniser'
2018-10-24 01:27:38,045 [JavaFX Application Thread] INFO  marytts.ModuleRegistry Now initiating mary module 'marytts.language.en.Preprocess'
2018-10-24 01:27:38,181 [JavaFX Application Thread] INFO  marytts.ModuleRegistry Now initiating mary module 'marytts.modules.JPhonemiser(en_US.)'
2018-10-24 01:27:38,182 [JavaFX Application Thread] INFO  marytts.JPhonemiser User dictionary '.\user-dictionaries\userdict-en_US.txt' for locale 'en_US' does not exist. Ignoring.
2018-10-24 01:27:38,277 [JavaFX Application Thread] INFO  marytts.ModuleRegistry Now initiating mary module 'marytts.modules.JPhonemiser(en_GB.)'
2018-10-24 01:27:38,277 [JavaFX Application Thread] INFO  marytts.JPhonemiser User dictionary '.\user-dictionaries\userdict-en_GB.txt' for locale 'en_GB' does not exist. Ignoring.
2018-10-24 01:27:38,306 [JavaFX Application Thread] INFO  marytts.ModuleRegistry Now initiating mary module 'marytts.language.en.Prosody'
2018-10-24 01:27:38,307 [JavaFX Application Thread] INFO  marytts.ModuleRegistry Now initiating mary module 'marytts.modules.SimplePhoneme2AP(en_US)'
2018-10-24 01:27:38,308 [JavaFX Application Thread] INFO  marytts.ModuleRegistry Now initiating mary module 'marytts.language.en.PronunciationModel'
2018-10-24 01:27:38,308 [JavaFX Application Thread] INFO  marytts.ModuleRegistry Now initiating mary module 'marytts.modules.OpenNLPPosTagger(en,en.pos)'
2018-10-24 01:27:38,313 [JavaFX Application Thread] INFO  marytts.UnitSelectionSynthesizer started.
2018-10-24 01:27:38,314 [JavaFX Application Thread] INFO  marytts.TargetFeatureLister Module started (ACOUSTPARAMS->TARGETFEATURES, locale null).
2018-10-24 01:27:38,314 [JavaFX Application Thread] INFO  marytts.HTSEngine Module started (TARGETFEATURES->AUDIO, locale null).
2018-10-24 01:27:38,379 [JavaFX Application Thread] INFO  marytts.HMMData Loading Tree Set in CARTs:
2018-10-24 01:27:38,477 [JavaFX Application Thread] INFO  marytts.HMMData Loading GV Model Set:
2018-10-24 01:27:38,604 [JavaFX Application Thread] INFO  marytts.Voice Registering voice `cmu-rms-hsmm': male, locale en_US
2018-10-24 01:27:38,604 [JavaFX Application Thread] INFO  marytts.Voice New default voice for locale en_US: cmu-rms-hsmm (desire 0)
2018-10-24 01:27:38,609 [JavaFX Application Thread] INFO  marytts.HMMData Loading Tree Set in CARTs:
2018-10-24 01:27:38,639 [JavaFX Application Thread] INFO  marytts.HMMData Loading GV Model Set:
2018-10-24 01:27:38,731 [JavaFX Application Thread] INFO  marytts.Voice Registering voice `cmu-slt-hsmm': female, locale en_US
2018-10-24 01:27:38,736 [JavaFX Application Thread] INFO  marytts.HMMData Loading Tree Set in CARTs:
2018-10-24 01:27:38,771 [JavaFX Application Thread] INFO  marytts.HMMData Loading GV Model Set:
2018-10-24 01:27:38,853 [JavaFX Application Thread] INFO  marytts.Voice Registering voice `dfki-poppy-hsmm': female, locale en_GB
2018-10-24 01:27:38,853 [JavaFX Application Thread] INFO  marytts.Voice New default voice for locale en_GB: dfki-poppy-hsmm (desire 0)
2018-10-24 01:27:38,853 [JavaFX Application Thread] INFO  marytts.HMMSynthesizer started.
2018-10-24 01:27:38,853 [JavaFX Application Thread] INFO  marytts.Synthesis Module started (ACOUSTPARAMS->AUDIO, locale null).
2018-10-24 01:27:38,854 [JavaFX Application Thread] INFO  marytts.HMMSynthesizer Starting power-on self test.
2018-10-24 01:27:38,856 [JavaFX Application Thread] INFO  marytts.HMMSynthesizer Power-on self test complete.
2018-10-24 01:27:38,857 [JavaFX Application Thread] INFO  marytts.TextToMaryXML Module started (TEXT->RAWMARYXML, locale null).
2018-10-24 01:27:38,857 [JavaFX Application Thread] INFO  marytts.TextToMaryXML Starting power-on self test.
2018-10-24 01:27:38,863 [JavaFX Application Thread] WARN  marytts.TextToMaryXML Locale is null, overriding with en_US
2018-10-24 01:27:38,864 [JavaFX Application Thread] WARN  marytts.TextToMaryXML Locale is null, overriding with en_US
2018-10-24 01:27:38,864 [JavaFX Application Thread] INFO  marytts.TextToMaryXML Power-on self test complete.
2018-10-24 01:27:39,079 [JavaFX Application Thread] INFO  marytts.SableParser Module started (SABLE->RAWMARYXML, locale null).
2018-10-24 01:27:39,079 [JavaFX Application Thread] INFO  marytts.SableParser Starting power-on self test.
2018-10-24 01:27:39,079 [JavaFX Application Thread] INFO  marytts.SableParser Power-on self test complete.
2018-10-24 01:27:39,149 [JavaFX Application Thread] INFO  marytts.SSMLParser Module started (SSML->RAWMARYXML, locale null).
2018-10-24 01:27:39,149 [JavaFX Application Thread] INFO  marytts.SSMLParser Starting power-on self test.
2018-10-24 01:27:39,149 [JavaFX Application Thread] INFO  marytts.SSMLParser Power-on self test complete.
2018-10-24 01:27:39,221 [JavaFX Application Thread] INFO  marytts.APMLParser Module started (APML->RAWMARYXML, locale null).
2018-10-24 01:27:39,221 [JavaFX Application Thread] INFO  marytts.APMLParser Starting power-on self test.
2018-10-24 01:27:39,221 [JavaFX Application Thread] INFO  marytts.APMLParser Power-on self test complete.
2018-10-24 01:27:39,259 [JavaFX Application Thread] INFO  marytts.EmotionmlParser Module started (EMOTIONML->RAWMARYXML, locale null).
2018-10-24 01:27:39,259 [JavaFX Application Thread] INFO  marytts.EmotionmlParser Starting power-on self test.
2018-10-24 01:27:39,260 [JavaFX Application Thread] INFO  marytts.EmotionmlParser Power-on self test complete.
2018-10-24 01:27:39,260 [JavaFX Application Thread] INFO  marytts.JTokeniser Module started (RAWMARYXML->TOKENS, locale null).
2018-10-24 01:27:39,294 [JavaFX Application Thread] INFO  marytts.JTokeniser Starting power-on self test.
2018-10-24 01:27:39,294 [JavaFX Application Thread] INFO  marytts.JTokeniser Power-on self test complete.
2018-10-24 01:27:39,294 [JavaFX Application Thread] INFO  marytts.DummyTokens2Words Module started (TOKENS->WORDS, locale null).
2018-10-24 01:27:39,294 [JavaFX Application Thread] INFO  marytts.DummyTokens2Words Starting power-on self test.
2018-10-24 01:27:39,294 [JavaFX Application Thread] INFO  marytts.DummyTokens2Words Power-on self test complete.
2018-10-24 01:27:39,299 [JavaFX Application Thread] INFO  marytts.Prosody Module started (PHONEMES->INTONATION, locale null).
2018-10-24 01:27:39,299 [JavaFX Application Thread] INFO  marytts.Prosody Starting power-on self test.
2018-10-24 01:27:39,299 [JavaFX Application Thread] INFO  marytts.Prosody Power-on self test complete.
2018-10-24 01:27:39,299 [JavaFX Application Thread] INFO  marytts.PronunciationModel Module started (INTONATION->ALLOPHONES, locale null).
2018-10-24 01:27:39,299 [JavaFX Application Thread] INFO  marytts.PronunciationModel Starting power-on self test.
2018-10-24 01:27:39,300 [JavaFX Application Thread] INFO  marytts.PronunciationModel Power-on self test complete.
2018-10-24 01:27:39,300 [JavaFX Application Thread] INFO  marytts.TargetFeatureLister Starting power-on self test.
2018-10-24 01:27:39,300 [JavaFX Application Thread] INFO  marytts.TargetFeatureLister Power-on self test complete.
2018-10-24 01:27:39,300 [JavaFX Application Thread] INFO  marytts.TargetFeatureLister Module started (ACOUSTPARAMS->HALFPHONE_TARGETFEATURES, locale null).
2018-10-24 01:27:39,300 [JavaFX Application Thread] INFO  marytts.TargetFeatureLister Starting power-on self test.
2018-10-24 01:27:39,300 [JavaFX Application Thread] INFO  marytts.TargetFeatureLister Power-on self test complete.
2018-10-24 01:27:39,300 [JavaFX Application Thread] INFO  marytts.AcousticModeller Module started (ALLOPHONES->ACOUSTPARAMS, locale null).
2018-10-24 01:27:39,300 [JavaFX Application Thread] INFO  marytts.AcousticModeller Starting power-on self test.
2018-10-24 01:27:39,300 [JavaFX Application Thread] INFO  marytts.AcousticModeller Power-on self test complete.
2018-10-24 01:27:39,300 [JavaFX Application Thread] INFO  marytts.Realised acoustparams extractor Module started (AUDIO->REALISED_ACOUSTPARAMS, locale null).
2018-10-24 01:27:39,300 [JavaFX Application Thread] INFO  marytts.Realised acoustparams extractor Starting power-on self test.
2018-10-24 01:27:39,300 [JavaFX Application Thread] INFO  marytts.Realised acoustparams extractor Power-on self test complete.
2018-10-24 01:27:39,300 [JavaFX Application Thread] INFO  marytts.Realised durations extractor Module started (AUDIO->REALISED_DURATIONS, locale null).
2018-10-24 01:27:39,301 [JavaFX Application Thread] INFO  marytts.Realised durations extractor Starting power-on self test.
2018-10-24 01:27:39,301 [JavaFX Application Thread] INFO  marytts.Realised durations extractor Power-on self test complete.
2018-10-24 01:27:39,301 [JavaFX Application Thread] INFO  marytts.Praat TextGrid generator Module started (REALISED_ACOUSTPARAMS->PRAAT_TEXTGRID, locale null).
2018-10-24 01:27:39,301 [JavaFX Application Thread] INFO  marytts.Praat TextGrid generator Starting power-on self test.
2018-10-24 01:27:39,301 [JavaFX Application Thread] INFO  marytts.Praat TextGrid generator Power-on self test complete.
2018-10-24 01:27:39,301 [JavaFX Application Thread] INFO  marytts.JTokeniser Module started (RAWMARYXML->TOKENS, locale en).
2018-10-24 01:27:39,314 [JavaFX Application Thread] INFO  marytts.JTokeniser Starting power-on self test.
2018-10-24 01:27:39,314 [JavaFX Application Thread] INFO  marytts.JTokeniser Power-on self test complete.
2018-10-24 01:27:39,314 [JavaFX Application Thread] INFO  marytts.Preprocess Module started (TOKENS->WORDS, locale en).
2018-10-24 01:27:39,314 [JavaFX Application Thread] INFO  marytts.Preprocess Starting power-on self test.
2018-10-24 01:27:39,314 [JavaFX Application Thread] INFO  marytts.Preprocess Power-on self test complete.
2018-10-24 01:27:39,314 [JavaFX Application Thread] INFO  marytts.JPhonemiser Module started (PARTSOFSPEECH->PHONEMES, locale en_US).
2018-10-24 01:27:39,315 [JavaFX Application Thread] INFO  marytts.JPhonemiser Starting power-on self test.
2018-10-24 01:27:39,315 [JavaFX Application Thread] INFO  marytts.JPhonemiser Power-on self test complete.
2018-10-24 01:27:39,315 [JavaFX Application Thread] INFO  marytts.JPhonemiser Module started (PARTSOFSPEECH->PHONEMES, locale en_GB).
2018-10-24 01:27:39,315 [JavaFX Application Thread] INFO  marytts.JPhonemiser Starting power-on self test.
2018-10-24 01:27:39,316 [JavaFX Application Thread] INFO  marytts.JPhonemiser Power-on self test complete.
2018-10-24 01:27:39,321 [JavaFX Application Thread] INFO  marytts.Prosody Module started (PHONEMES->INTONATION, locale en).
2018-10-24 01:27:39,321 [JavaFX Application Thread] INFO  marytts.Prosody Starting power-on self test.
2018-10-24 01:27:39,322 [JavaFX Application Thread] INFO  marytts.Prosody Power-on self test complete.
2018-10-24 01:27:39,322 [JavaFX Application Thread] INFO  marytts.SimplePhoneme2AP Module started (SIMPLEPHONEMES->ACOUSTPARAMS, locale en_US).
2018-10-24 01:27:39,322 [JavaFX Application Thread] INFO  marytts.SimplePhoneme2AP Starting power-on self test.
2018-10-24 01:27:39,324 [JavaFX Application Thread] INFO  marytts.SimplePhoneme2AP Power-on self test complete.
2018-10-24 01:27:39,324 [JavaFX Application Thread] INFO  marytts.PronunciationModel Module started (INTONATION->ALLOPHONES, locale en).
2018-10-24 01:27:39,324 [JavaFX Application Thread] INFO  marytts.PronunciationModel Starting power-on self test.
2018-10-24 01:27:39,324 [JavaFX Application Thread] INFO  marytts.PronunciationModel Power-on self test complete.
2018-10-24 01:27:39,325 [JavaFX Application Thread] INFO  marytts.OpenNLPPosTagger Module started (WORDS->PARTSOFSPEECH, locale en).
2018-10-24 01:27:40,117 [JavaFX Application Thread] INFO  marytts.OpenNLPPosTagger Starting power-on self test.
2018-10-24 01:27:40,117 [JavaFX Application Thread] INFO  marytts.OpenNLPPosTagger Power-on self test complete.
2018-10-24 01:27:40,118 [JavaFX Application Thread] INFO  marytts.main Startup complete.
2018-10-24 01:27:40,123 [JavaFX Application Thread] INFO  marytts.R 1 New request (input type "TEXT", output type "AUDIO", voice "cmu-rms-hsmm", audio "WAVE")
2018-10-24 01:27:40,123 [JavaFX Application Thread] INFO  marytts.R 1 Handling request using the following modules:
2018-10-24 01:27:40,123 [JavaFX Application Thread] INFO  marytts.R 1 - TextToMaryXML (marytts.modules.TextToMaryXML)
2018-10-24 01:27:40,124 [JavaFX Application Thread] INFO  marytts.R 1 Next module: TextToMaryXML
2018-10-24 01:27:40,125 [JavaFX Application Thread] INFO  marytts.R 1 Handling request using the following modules:
2018-10-24 01:27:40,125 [JavaFX Application Thread] INFO  marytts.R 1 - JTokeniser (marytts.language.en.JTokeniser)
2018-10-24 01:27:40,125 [JavaFX Application Thread] INFO  marytts.R 1 - Preprocess (marytts.language.en.Preprocess)
2018-10-24 01:27:40,125 [JavaFX Application Thread] INFO  marytts.R 1 - OpenNLPPosTagger (marytts.modules.OpenNLPPosTagger)
2018-10-24 01:27:40,125 [JavaFX Application Thread] INFO  marytts.R 1 - JPhonemiser (marytts.modules.JPhonemiser)
2018-10-24 01:27:40,125 [JavaFX Application Thread] INFO  marytts.R 1 - Prosody (marytts.language.en.Prosody)
2018-10-24 01:27:40,125 [JavaFX Application Thread] INFO  marytts.R 1 - PronunciationModel (marytts.language.en.PronunciationModel)
2018-10-24 01:27:40,125 [JavaFX Application Thread] INFO  marytts.R 1 - AcousticModeller (marytts.modules.AcousticModeller)
2018-10-24 01:27:40,125 [JavaFX Application Thread] INFO  marytts.R 1 - Synthesis (marytts.modules.Synthesis)
2018-10-24 01:27:40,125 [JavaFX Application Thread] INFO  marytts.R 1 Next module: JTokeniser
2018-10-24 01:27:40,127 [JavaFX Application Thread] INFO  marytts.R 1 Next module: Preprocess
2018-10-24 01:27:40,129 [JavaFX Application Thread] INFO  marytts.R 1 Next module: OpenNLPPosTagger
2018-10-24 01:27:40,132 [JavaFX Application Thread] INFO  marytts.R 1 Next module: JPhonemiser
2018-10-24 01:27:40,133 [JavaFX Application Thread] INFO  marytts.R 1 Next module: Prosody
2018-10-24 01:27:40,135 [JavaFX Application Thread] INFO  marytts.R 1 Next module: PronunciationModel
2018-10-24 01:27:40,136 [JavaFX Application Thread] INFO  marytts.R 1 Next module: AcousticModeller
2018-10-24 01:27:40,151 [JavaFX Application Thread] INFO  marytts.ParameterGeneration Parameter generation for LF0: 
2018-10-24 01:27:40,152 [JavaFX Application Thread] INFO  marytts.PStream Global variance optimization
2018-10-24 01:27:40,160 [JavaFX Application Thread] INFO  marytts.PStream Gradient GV optimization for feature: (0)  number of iterations=65
2018-10-24 01:27:40,162 [JavaFX Application Thread] INFO  marytts.R 1 Next module: Synthesis
2018-10-24 01:27:40,185 [JavaFX Application Thread] INFO  marytts.HMMSynthesizer Synthesizing one sentence.
2018-10-24 01:27:40,185 [JavaFX Application Thread] INFO  marytts.HTSEngine Using prosody from acoustparams.
2018-10-24 01:27:40,186 [JavaFX Application Thread] INFO  marytts.HTSEngine Number of models in sentence numModel=12  Total number of states numState=60
2018-10-24 01:27:40,187 [JavaFX Application Thread] INFO  marytts.HTSEngine Total number of frames=297  Number of voiced frames=136
2018-10-24 01:27:40,190 [JavaFX Application Thread] INFO  marytts.ParameterGeneration Parameter generation for MGC: 
2018-10-24 01:27:40,190 [JavaFX Application Thread] INFO  marytts.PStream Global variance optimization
2018-10-24 01:27:40,212 [JavaFX Application Thread] INFO  marytts.PStream Gradient GV optimization for feature: (0)  number of iterations=49
2018-10-24 01:27:40,218 [JavaFX Application Thread] INFO  marytts.PStream Gradient GV optimization for feature: (1)  number of iterations=2
2018-10-24 01:27:40,225 [JavaFX Application Thread] INFO  marytts.PStream Gradient GV optimization for feature: (2)  number of iterations=19
2018-10-24 01:27:40,228 [JavaFX Application Thread] INFO  marytts.PStream Gradient GV optimization for feature: (3)  number of iterations=27
2018-10-24 01:27:40,231 [JavaFX Application Thread] INFO  marytts.PStream Gradient GV optimization for feature: (4)  number of iterations=22
2018-10-24 01:27:40,233 [JavaFX Application Thread] INFO  marytts.PStream Gradient GV optimization for feature: (5)  number of iterations=32
2018-10-24 01:27:40,234 [JavaFX Application Thread] INFO  marytts.PStream Gradient GV optimization for feature: (6)  number of iterations=15
2018-10-24 01:27:40,235 [JavaFX Application Thread] INFO  marytts.PStream Gradient GV optimization for feature: (7)  number of iterations=16
2018-10-24 01:27:40,236 [JavaFX Application Thread] INFO  marytts.PStream Gradient GV optimization for feature: (8)  number of iterations=12
2018-10-24 01:27:40,238 [JavaFX Application Thread] INFO  marytts.PStream Gradient GV optimization for feature: (9)  number of iterations=15
2018-10-24 01:27:40,239 [JavaFX Application Thread] INFO  marytts.PStream Gradient GV optimization for feature: (10)  number of iterations=17
2018-10-24 01:27:40,240 [JavaFX Application Thread] INFO  marytts.PStream Gradient GV optimization for feature: (11)  number of iterations=14
2018-10-24 01:27:40,241 [JavaFX Application Thread] INFO  marytts.PStream Gradient GV optimization for feature: (12)  number of iterations=3
2018-10-24 01:27:40,242 [JavaFX Application Thread] INFO  marytts.PStream Gradient GV optimization for feature: (13)  number of iterations=5
2018-10-24 01:27:40,242 [JavaFX Application Thread] INFO  marytts.PStream Gradient GV optimization for feature: (14)  number of iterations=9
2018-10-24 01:27:40,243 [JavaFX Application Thread] INFO  marytts.PStream Gradient GV optimization for feature: (15)  number of iterations=3
2018-10-24 01:27:40,244 [JavaFX Application Thread] INFO  marytts.PStream Gradient GV optimization for feature: (16)  number of iterations=11
2018-10-24 01:27:40,245 [JavaFX Application Thread] INFO  marytts.PStream Gradient GV optimization for feature: (17)  number of iterations=7
2018-10-24 01:27:40,245 [JavaFX Application Thread] INFO  marytts.PStream Gradient GV optimization for feature: (18)  number of iterations=3
2018-10-24 01:27:40,246 [JavaFX Application Thread] INFO  marytts.PStream Gradient GV optimization for feature: (19)  number of iterations=3
2018-10-24 01:27:40,246 [JavaFX Application Thread] INFO  marytts.PStream Gradient GV optimization for feature: (20)  number of iterations=6
2018-10-24 01:27:40,247 [JavaFX Application Thread] INFO  marytts.PStream Gradient GV optimization for feature: (21)  number of iterations=10
2018-10-24 01:27:40,247 [JavaFX Application Thread] INFO  marytts.PStream Gradient GV optimization for feature: (22)  number of iterations=2
2018-10-24 01:27:40,248 [JavaFX Application Thread] INFO  marytts.PStream Gradient GV optimization for feature: (23)  number of iterations=7
2018-10-24 01:27:40,248 [JavaFX Application Thread] INFO  marytts.PStream Gradient GV optimization for feature: (24)  number of iterations=11
2018-10-24 01:27:40,248 [JavaFX Application Thread] INFO  marytts.ParameterGeneration Using f0 from maryXML acoustparams
2018-10-24 01:27:40,250 [JavaFX Application Thread] INFO  marytts.PStream Global variance optimization
2018-10-24 01:27:40,251 [JavaFX Application Thread] INFO  marytts.PStream Gradient GV optimization for feature: (0)  number of iterations=2
2018-10-24 01:27:40,251 [JavaFX Application Thread] INFO  marytts.PStream Gradient GV optimization for feature: (1)  number of iterations=2
2018-10-24 01:27:40,252 [JavaFX Application Thread] INFO  marytts.PStream Gradient GV optimization for feature: (2)  number of iterations=13
2018-10-24 01:27:40,253 [JavaFX Application Thread] INFO  marytts.PStream Gradient GV optimization for feature: (3)  number of iterations=82
2018-10-24 01:27:40,254 [JavaFX Application Thread] INFO  marytts.PStream Gradient GV optimization for feature: (4)  number of iterations=31
2018-10-24 01:27:40,259 [JavaFX Application Thread] INFO  marytts.R 1 Request processed in 136 ms.
2018-10-24 01:27:40,259 [JavaFX Application Thread] INFO  marytts.R 1    TextToMaryXML took 0 ms
2018-10-24 01:27:40,259 [JavaFX Application Thread] INFO  marytts.R 1    JTokeniser took 2 ms
2018-10-24 01:27:40,259 [JavaFX Application Thread] INFO  marytts.R 1    Preprocess took 2 ms
2018-10-24 01:27:40,259 [JavaFX Application Thread] INFO  marytts.R 1    OpenNLPPosTagger took 3 ms
2018-10-24 01:27:40,259 [JavaFX Application Thread] INFO  marytts.R 1    JPhonemiser took 1 ms
2018-10-24 01:27:40,259 [JavaFX Application Thread] INFO  marytts.R 1    Prosody took 2 ms
2018-10-24 01:27:40,259 [JavaFX Application Thread] INFO  marytts.R 1    PronunciationModel took 1 ms
2018-10-24 01:27:40,259 [JavaFX Application Thread] INFO  marytts.R 1    AcousticModeller took 26 ms
2018-10-24 01:27:40,259 [JavaFX Application Thread] INFO  marytts.R 1    Synthesis took 97 ms
2018-10-24 01:27:40,262 [JavaFX Application Thread] INFO  marytts.R 1 New request (input type "TEXT", output type "AUDIO", voice "cmu-rms-hsmm", audio "WAVE")
2018-10-24 01:27:40,262 [JavaFX Application Thread] INFO  marytts.R 1 Handling request using the following modules:
2018-10-24 01:27:40,262 [JavaFX Application Thread] INFO  marytts.R 1 - TextToMaryXML (marytts.modules.TextToMaryXML)
2018-10-24 01:27:40,262 [JavaFX Application Thread] INFO  marytts.R 1 Next module: TextToMaryXML
2018-10-24 01:27:40,263 [JavaFX Application Thread] INFO  marytts.R 1 Handling request using the following modules:
2018-10-24 01:27:40,263 [JavaFX Application Thread] INFO  marytts.R 1 - JTokeniser (marytts.language.en.JTokeniser)
2018-10-24 01:27:40,263 [JavaFX Application Thread] INFO  marytts.R 1 - Preprocess (marytts.language.en.Preprocess)
2018-10-24 01:27:40,263 [JavaFX Application Thread] INFO  marytts.R 1 - OpenNLPPosTagger (marytts.modules.OpenNLPPosTagger)
2018-10-24 01:27:40,263 [JavaFX Application Thread] INFO  marytts.R 1 - JPhonemiser (marytts.modules.JPhonemiser)
2018-10-24 01:27:40,263 [JavaFX Application Thread] INFO  marytts.R 1 - Prosody (marytts.language.en.Prosody)
2018-10-24 01:27:40,263 [JavaFX Application Thread] INFO  marytts.R 1 - PronunciationModel (marytts.language.en.PronunciationModel)
2018-10-24 01:27:40,263 [JavaFX Application Thread] INFO  marytts.R 1 - AcousticModeller (marytts.modules.AcousticModeller)
2018-10-24 01:27:40,263 [JavaFX Application Thread] INFO  marytts.R 1 - Synthesis (marytts.modules.Synthesis)
2018-10-24 01:27:40,263 [JavaFX Application Thread] INFO  marytts.R 1 Next module: JTokeniser
2018-10-24 01:27:40,263 [JavaFX Application Thread] INFO  marytts.R 1 Next module: Preprocess
2018-10-24 01:27:40,264 [JavaFX Application Thread] INFO  marytts.R 1 Next module: OpenNLPPosTagger
2018-10-24 01:27:40,265 [JavaFX Application Thread] INFO  marytts.R 1 Next module: JPhonemiser
2018-10-24 01:27:40,265 [JavaFX Application Thread] INFO  marytts.R 1 Next module: Prosody
2018-10-24 01:27:40,267 [JavaFX Application Thread] INFO  marytts.R 1 Next module: PronunciationModel
2018-10-24 01:27:40,267 [JavaFX Application Thread] INFO  marytts.R 1 Next module: AcousticModeller
2018-10-24 01:27:40,271 [JavaFX Application Thread] INFO  marytts.ParameterGeneration Parameter generation for LF0: 
2018-10-24 01:27:40,271 [JavaFX Application Thread] INFO  marytts.PStream Global variance optimization
2018-10-24 01:27:40,272 [JavaFX Application Thread] INFO  marytts.PStream Gradient GV optimization for feature: (0)  number of iterations=65
2018-10-24 01:27:40,273 [JavaFX Application Thread] INFO  marytts.R 1 Next module: Synthesis
2018-10-24 01:27:40,273 [JavaFX Application Thread] INFO  marytts.HMMSynthesizer Synthesizing one sentence.
2018-10-24 01:27:40,274 [JavaFX Application Thread] INFO  marytts.HTSEngine Using prosody from acoustparams.
2018-10-24 01:27:40,274 [JavaFX Application Thread] INFO  marytts.HTSEngine Number of models in sentence numModel=12  Total number of states numState=60
2018-10-24 01:27:40,275 [JavaFX Application Thread] INFO  marytts.HTSEngine Total number of frames=297  Number of voiced frames=136
2018-10-24 01:27:40,276 [JavaFX Application Thread] INFO  marytts.ParameterGeneration Parameter generation for MGC: 
2018-10-24 01:27:40,276 [JavaFX Application Thread] INFO  marytts.PStream Global variance optimization
2018-10-24 01:27:40,278 [JavaFX Application Thread] INFO  marytts.PStream Gradient GV optimization for feature: (0)  number of iterations=49
2018-10-24 01:27:40,279 [JavaFX Application Thread] INFO  marytts.PStream Gradient GV optimization for feature: (1)  number of iterations=2
2018-10-24 01:27:40,280 [JavaFX Application Thread] INFO  marytts.PStream Gradient GV optimization for feature: (2)  number of iterations=19
2018-10-24 01:27:40,282 [JavaFX Application Thread] INFO  marytts.PStream Gradient GV optimization for feature: (3)  number of iterations=27
2018-10-24 01:27:40,283 [JavaFX Application Thread] INFO  marytts.PStream Gradient GV optimization for feature: (4)  number of iterations=22
2018-10-24 01:27:40,286 [JavaFX Application Thread] INFO  marytts.PStream Gradient GV optimization for feature: (5)  number of iterations=32
2018-10-24 01:27:40,286 [JavaFX Application Thread] INFO  marytts.PStream Gradient GV optimization for feature: (6)  number of iterations=15
2018-10-24 01:27:40,287 [JavaFX Application Thread] INFO  marytts.PStream Gradient GV optimization for feature: (7)  number of iterations=16
2018-10-24 01:27:40,288 [JavaFX Application Thread] INFO  marytts.PStream Gradient GV optimization for feature: (8)  number of iterations=12
2018-10-24 01:27:40,289 [JavaFX Application Thread] INFO  marytts.PStream Gradient GV optimization for feature: (9)  number of iterations=15
2018-10-24 01:27:40,290 [JavaFX Application Thread] INFO  marytts.PStream Gradient GV optimization for feature: (10)  number of iterations=17
2018-10-24 01:27:40,291 [JavaFX Application Thread] INFO  marytts.PStream Gradient GV optimization for feature: (11)  number of iterations=14
2018-10-24 01:27:40,291 [JavaFX Application Thread] INFO  marytts.PStream Gradient GV optimization for feature: (12)  number of iterations=3
2018-10-24 01:27:40,292 [JavaFX Application Thread] INFO  marytts.PStream Gradient GV optimization for feature: (13)  number of iterations=5
2018-10-24 01:27:40,293 [JavaFX Application Thread] INFO  marytts.PStream Gradient GV optimization for feature: (14)  number of iterations=9
2018-10-24 01:27:40,293 [JavaFX Application Thread] INFO  marytts.PStream Gradient GV optimization for feature: (15)  number of iterations=3
2018-10-24 01:27:40,294 [JavaFX Application Thread] INFO  marytts.PStream Gradient GV optimization for feature: (16)  number of iterations=11
2018-10-24 01:27:40,295 [JavaFX Application Thread] INFO  marytts.PStream Gradient GV optimization for feature: (17)  number of iterations=7
2018-10-24 01:27:40,296 [JavaFX Application Thread] INFO  marytts.PStream Gradient GV optimization for feature: (18)  number of iterations=3
2018-10-24 01:27:40,296 [JavaFX Application Thread] INFO  marytts.PStream Gradient GV optimization for feature: (19)  number of iterations=3
2018-10-24 01:27:40,297 [JavaFX Application Thread] INFO  marytts.PStream Gradient GV optimization for feature: (20)  number of iterations=6
2018-10-24 01:27:40,298 [JavaFX Application Thread] INFO  marytts.PStream Gradient GV optimization for feature: (21)  number of iterations=10
2018-10-24 01:27:40,298 [JavaFX Application Thread] INFO  marytts.PStream Gradient GV optimization for feature: (22)  number of iterations=2
2018-10-24 01:27:40,299 [JavaFX Application Thread] INFO  marytts.PStream Gradient GV optimization for feature: (23)  number of iterations=7
2018-10-24 01:27:40,299 [JavaFX Application Thread] INFO  marytts.PStream Gradient GV optimization for feature: (24)  number of iterations=11
2018-10-24 01:27:40,300 [JavaFX Application Thread] INFO  marytts.ParameterGeneration Using f0 from maryXML acoustparams
2018-10-24 01:27:40,301 [JavaFX Application Thread] INFO  marytts.PStream Global variance optimization
2018-10-24 01:27:40,301 [JavaFX Application Thread] INFO  marytts.PStream Gradient GV optimization for feature: (0)  number of iterations=2
2018-10-24 01:27:40,302 [JavaFX Application Thread] INFO  marytts.PStream Gradient GV optimization for feature: (1)  number of iterations=2
2018-10-24 01:27:40,303 [JavaFX Application Thread] INFO  marytts.PStream Gradient GV optimization for feature: (2)  number of iterations=13
2018-10-24 01:27:40,306 [JavaFX Application Thread] INFO  marytts.PStream Gradient GV optimization for feature: (3)  number of iterations=82
2018-10-24 01:27:40,308 [JavaFX Application Thread] INFO  marytts.PStream Gradient GV optimization for feature: (4)  number of iterations=31
2018-10-24 01:27:40,308 [JavaFX Application Thread] INFO  marytts.R 1 Request processed in 46 ms.
2018-10-24 01:27:40,308 [JavaFX Application Thread] INFO  marytts.R 1    TextToMaryXML took 0 ms
2018-10-24 01:27:40,308 [JavaFX Application Thread] INFO  marytts.R 1    JTokeniser took 0 ms
2018-10-24 01:27:40,309 [JavaFX Application Thread] INFO  marytts.R 1    Preprocess took 1 ms
2018-10-24 01:27:40,309 [JavaFX Application Thread] INFO  marytts.R 1    OpenNLPPosTagger took 1 ms
2018-10-24 01:27:40,309 [JavaFX Application Thread] INFO  marytts.R 1    JPhonemiser took 0 ms
2018-10-24 01:27:40,309 [JavaFX Application Thread] INFO  marytts.R 1    Prosody took 2 ms
2018-10-24 01:27:40,309 [JavaFX Application Thread] INFO  marytts.R 1    PronunciationModel took 0 ms
2018-10-24 01:27:40,309 [JavaFX Application Thread] INFO  marytts.R 1    AcousticModeller took 6 ms
2018-10-24 01:27:40,309 [JavaFX Application Thread] INFO  marytts.R 1    Synthesis took 35 ms
2018-10-24 01:27:53,364 [Thread-4] INFO  marytts.main Shutting down modules...
2018-10-24 01:27:53,365 [Thread-4] INFO  marytts.Synthesis Module shut down.
2018-10-24 01:27:53,365 [Thread-4] INFO  marytts.TextToMaryXML Module shut down.
2018-10-24 01:27:53,366 [Thread-4] INFO  marytts.SableParser Module shut down.
2018-10-24 01:27:53,366 [Thread-4] INFO  marytts.SSMLParser Module shut down.
2018-10-24 01:27:53,366 [Thread-4] INFO  marytts.APMLParser Module shut down.
2018-10-24 01:27:53,367 [Thread-4] INFO  marytts.EmotionmlParser Module shut down.
2018-10-24 01:27:53,368 [Thread-4] INFO  marytts.JTokeniser Module shut down.
2018-10-24 01:27:53,368 [Thread-4] INFO  marytts.DummyTokens2Words Module shut down.
2018-10-24 01:27:53,368 [Thread-4] INFO  marytts.Prosody Module shut down.
2018-10-24 01:27:53,369 [Thread-4] INFO  marytts.PronunciationModel Module shut down.
2018-10-24 01:27:53,369 [Thread-4] INFO  marytts.TargetFeatureLister Module shut down.
2018-10-24 01:27:53,369 [Thread-4] INFO  marytts.TargetFeatureLister Module shut down.
2018-10-24 01:27:53,370 [Thread-4] INFO  marytts.AcousticModeller Module shut down.
2018-10-24 01:27:53,370 [Thread-4] INFO  marytts.Realised acoustparams extractor Module shut down.
2018-10-24 01:27:53,371 [Thread-4] INFO  marytts.Realised durations extractor Module shut down.
2018-10-24 01:27:53,371 [Thread-4] INFO  marytts.HTSEngine Module shut down.
2018-10-24 01:27:53,371 [Thread-4] INFO  marytts.Praat TextGrid generator Module shut down.
2018-10-24 01:27:53,372 [Thread-4] INFO  marytts.JTokeniser Module shut down.
2018-10-24 01:27:53,372 [Thread-4] INFO  marytts.Preprocess Module shut down.
2018-10-24 01:27:53,372 [Thread-4] INFO  marytts.JPhonemiser Module shut down.
2018-10-24 01:27:53,373 [Thread-4] INFO  marytts.JPhonemiser Module shut down.
2018-10-24 01:27:53,373 [Thread-4] INFO  marytts.Prosody Module shut down.
2018-10-24 01:27:53,373 [Thread-4] INFO  marytts.SimplePhoneme2AP Module shut down.
2018-10-24 01:27:53,373 [Thread-4] INFO  marytts.PronunciationModel Module shut down.
2018-10-24 01:27:53,373 [Thread-4] INFO  marytts.OpenNLPPosTagger Module shut down.
2018-10-24 01:27:53,387 [Thread-4] INFO  marytts.main Shutdown complete.
